<?xml version="1.0"?>
<testsuites>
 <testsuite name="qtest/framework.test">
  <testcase
   id="test framework 1"
   name="check start directory"
  />
  <testcase
   id="test framework 2"
   name="passing test suite"
  />
  <testcase
   id="test framework 3"
   name="check qtest.log"
  />
  <testcase
   id="test framework 4"
   name="check qtest-results.xml"
  />
  <testcase
   id="test framework 5"
   name="validate qtest-results.xml"
  />
  <testcase
   id="test framework 6"
   name="check qtest-results.xml"
  >
   <failure>
cwd: /home/ejb/source/qtest/test_suite/qtest
expected output in test1-junit.xml
stracktrace:
 at framework.test line 166.
	main::check_xml("TEST-qtest-test1.xml", "test1-junit.xml") called at framework.test line 44
-- BEGIN EXPECTED OUTPUT --
[unable to open /tmp/testtemp.11453/expected: No such file or directory]-- END EXPECTED OUTPUT --
-- ACTUAL OUTPUT --
&lt;?xml version="1.0"?&gt;
&lt;testsuites&gt;
 &lt;testsuite name="test1/passes.test"&gt;
  &lt;testcase
   id="passes 1"
   name="answer"
  /&gt;
  &lt;testcase
   id="passes 2"
   name="command array"
  /&gt;
  &lt;testcase
   id="passes 3"
   name="command string"
  /&gt;
  &lt;testcase
   id="passes 4"
   name="input string"
  /&gt;
  &lt;testcase
   id="passes 5"
   name="normalize spaces (fail)"
  /&gt;
  &lt;testcase
   id="passes 6"
   name="normalize spaces"
  /&gt;
  &lt;testcase
   id="passes 7"
   name="normalize newlines"
  /&gt;
  &lt;testcase
   id="passes 8"
   name="normalize space and newlines"
  /&gt;
  &lt;testcase
   id="passes 9"
   name="remove whitespace lines"
  /&gt;
  &lt;testcase
   id="passes 10"
   name="abnormal exit status"
  /&gt;
  &lt;testcase
   id="passes 11"
   name="abnormal exit status as array"
  /&gt;
  &lt;testcase
   id="passes 12"
   name="ignored exit status"
  /&gt;
  &lt;testcase
   id="passes 13"
   name="exit on signal"
  /&gt;
  &lt;testcase
   id="passes 14"
   name="abnormal exit status with filter"
  /&gt;
  &lt;testcase
   id="passes 15"
   name="exit on signal with filter"
  /&gt;
  &lt;testcase
   id="passes 16"
   name="filter and &amp;lt;xml&amp;amp;hostile&amp;gt; &amp;quot;description&amp;quot;"
  /&gt;
  &lt;testcase
   id="passes 17"
   name="output regexp"
  /&gt;
 &lt;/testsuite&gt;
&lt;/testsuites&gt;
-- ACTUAL OUTPUT --
-- DIFF EXPECTED ACTUAL --
diff: /tmp/testtemp.11453/expected: No such file or directory
-- END DIFFERENCES --
   </failure>
  </testcase>
  <testcase
   id="test framework 7"
   name="validate qtest-results.xml"
  >
   <failure>
cwd: /home/ejb/source/qtest/test_suite/qtest
command: xmllint --noout --dtdvalid ../../misc/qtest-results.dtd TEST-qtest-test1.xml
stracktrace:
 at framework.test line 172.
	main::check_xml("TEST-qtest-test1.xml", "test1-junit.xml") called at framework.test line 44
  Expected status: 0
  Actual   status: 3
-- BEGIN EXPECTED OUTPUT --
-- END EXPECTED OUTPUT --
-- ACTUAL OUTPUT --
TEST-qtest-test1.xml:2: element testsuites: validity error : No declaration for element testsuites
TEST-qtest-test1.xml:3: element testsuite: validity error : Element testsuite does not carry attribute file
TEST-qtest-test1.xml:3: element testsuite: validity error : No declaration for attribute name of element testsuite
TEST-qtest-test1.xml:7: element testcase: validity error : Element testcase does not carry attribute testid
TEST-qtest-test1.xml:7: element testcase: validity error : Element testcase does not carry attribute outcome
TEST-qtest-test1.xml:7: element testcase: validity error : Element testcase does not carry attribute description
TEST-qtest-test1.xml:7: element testcase: validity error : No declaration for attribute id of element testcase
TEST-qtest-test1.xml:7: element testcase: validity error : No declaration for attribute name of element testcase
TEST-qtest-test1.xml:11: element testcase: validity error : Element testcase does not carry attribute testid
TEST-qtest-test1.xml:11: element testcase: validity error : Element testcase does not carry attribute outcome
TEST-qtest-test1.xml:11: element testcase: validity error : Element testcase does not carry attribute description
TEST-qtest-test1.xml:11: element testcase: validity error : No declaration for attribute id of element testcase
TEST-qtest-test1.xml:11: element testcase: validity error : No declaration for attribute name of element testcase
TEST-qtest-test1.xml:15: element testcase: validity error : Element testcase does not carry attribute testid
TEST-qtest-test1.xml:15: element testcase: validity error : Element testcase does not carry attribute outcome
TEST-qtest-test1.xml:15: element testcase: validity error : Element testcase does not carry attribute description
TEST-qtest-test1.xml:15: element testcase: validity error : No declaration for attribute id of element testcase
TEST-qtest-test1.xml:15: element testcase: validity error : No declaration for attribute name of element testcase
TEST-qtest-test1.xml:19: element testcase: validity error : Element testcase does not carry attribute testid
TEST-qtest-test1.xml:19: element testcase: validity error : Element testcase does not carry attribute outcome
TEST-qtest-test1.xml:19: element testcase: validity error : Element testcase does not carry attribute description
TEST-qtest-test1.xml:19: element testcase: validity error : No declaration for attribute id of element testcase
TEST-qtest-test1.xml:19: element testcase: validity error : No declaration for attribute name of element testcase
TEST-qtest-test1.xml:23: element testcase: validity error : Element testcase does not carry attribute testid
TEST-qtest-test1.xml:23: element testcase: validity error : Element testcase does not carry attribute outcome
TEST-qtest-test1.xml:23: element testcase: validity error : Element testcase does not carry attribute description
TEST-qtest-test1.xml:23: element testcase: validity error : No declaration for attribute id of element testcase
TEST-qtest-test1.xml:23: element testcase: validity error : No declaration for attribute name of element testcase
TEST-qtest-test1.xml:27: element testcase: validity error : Element testcase does not carry attribute testid
TEST-qtest-test1.xml:27: element testcase: validity error : Element testcase does not carry attribute outcome
TEST-qtest-test1.xml:27: element testcase: validity error : Element testcase does not carry attribute description
TEST-qtest-test1.xml:27: element testcase: validity error : No declaration for attribute id of element testcase
TEST-qtest-test1.xml:27: element testcase: validity error : No declaration for attribute name of element testcase
TEST-qtest-test1.xml:31: element testcase: validity error : Element testcase does not carry attribute testid
TEST-qtest-test1.xml:31: element testcase: validity error : Element testcase does not carry attribute outcome
TEST-qtest-test1.xml:31: element testcase: validity error : Element testcase does not carry attribute description
TEST-qtest-test1.xml:31: element testcase: validity error : No declaration for attribute id of element testcase
TEST-qtest-test1.xml:31: element testcase: validity error : No declaration for attribute name of element testcase
TEST-qtest-test1.xml:35: element testcase: validity error : Element testcase does not carry attribute testid
TEST-qtest-test1.xml:35: element testcase: validity error : Element testcase does not carry attribute outcome
TEST-qtest-test1.xml:35: element testcase: validity error : Element testcase does not carry attribute description
TEST-qtest-test1.xml:35: element testcase: validity error : No declaration for attribute id of element testcase
TEST-qtest-test1.xml:35: element testcase: validity error : No declaration for attribute name of element testcase
TEST-qtest-test1.xml:39: element testcase: validity error : Element testcase does not carry attribute testid
TEST-qtest-test1.xml:39: element testcase: validity error : Element testcase does not carry attribute outcome
TEST-qtest-test1.xml:39: element testcase: validity error : Element testcase does not carry attribute description
TEST-qtest-test1.xml:39: element testcase: validity error : No declaration for attribute id of element testcase
TEST-qtest-test1.xml:39: element testcase: validity error : No declaration for attribute name of element testcase
TEST-qtest-test1.xml:43: element testcase: validity error : Element testcase does not carry attribute testid
TEST-qtest-test1.xml:43: element testcase: validity error : Element testcase does not carry attribute outcome
TEST-qtest-test1.xml:43: element testcase: validity error : Element testcase does not carry attribute description
TEST-qtest-test1.xml:43: element testcase: validity error : No declaration for attribute id of element testcase
TEST-qtest-test1.xml:43: element testcase: validity error : No declaration for attribute name of element testcase
TEST-qtest-test1.xml:47: element testcase: validity error : Element testcase does not carry attribute testid
TEST-qtest-test1.xml:47: element testcase: validity error : Element testcase does not carry attribute outcome
TEST-qtest-test1.xml:47: element testcase: validity error : Element testcase does not carry attribute description
TEST-qtest-test1.xml:47: element testcase: validity error : No declaration for attribute id of element testcase
TEST-qtest-test1.xml:47: element testcase: validity error : No declaration for attribute name of element testcase
TEST-qtest-test1.xml:51: element testcase: validity error : Element testcase does not carry attribute testid
TEST-qtest-test1.xml:51: element testcase: validity error : Element testcase does not carry attribute outcome
TEST-qtest-test1.xml:51: element testcase: validity error : Element testcase does not carry attribute description
TEST-qtest-test1.xml:51: element testcase: validity error : No declaration for attribute id of element testcase
TEST-qtest-test1.xml:51: element testcase: validity error : No declaration for attribute name of element testcase
TEST-qtest-test1.xml:55: element testcase: validity error : Element testcase does not carry attribute testid
TEST-qtest-test1.xml:55: element testcase: validity error : Element testcase does not carry attribute outcome
TEST-qtest-test1.xml:55: element testcase: validity error : Element testcase does not carry attribute description
TEST-qtest-test1.xml:55: element testcase: validity error : No declaration for attribute id of element testcase
TEST-qtest-test1.xml:55: element testcase: validity error : No declaration for attribute name of element testcase
TEST-qtest-test1.xml:59: element testcase: validity error : Element testcase does not carry attribute testid
TEST-qtest-test1.xml:59: element testcase: validity error : Element testcase does not carry attribute outcome
TEST-qtest-test1.xml:59: element testcase: validity error : Element testcase does not carry attribute description
TEST-qtest-test1.xml:59: element testcase: validity error : No declaration for attribute id of element testcase
TEST-qtest-test1.xml:59: element testcase: validity error : No declaration for attribute name of element testcase
TEST-qtest-test1.xml:63: element testcase: validity error : Element testcase does not carry attribute testid
TEST-qtest-test1.xml:63: element testcase: validity error : Element testcase does not carry attribute outcome
TEST-qtest-test1.xml:63: element testcase: validity error : Element testcase does not carry attribute description
TEST-qtest-test1.xml:63: element testcase: validity error : No declaration for attribute id of element testcase
TEST-qtest-test1.xml:63: element testcase: validity error : No declaration for attribute name of element testcase
TEST-qtest-test1.xml:67: element testcase: validity error : Element testcase does not carry attribute testid
TEST-qtest-test1.xml:67: element testcase: validity error : Element testcase does not carry attribute outcome
TEST-qtest-test1.xml:67: element testcase: validity error : Element testcase does not carry attribute description
TEST-qtest-test1.xml:67: element testcase: validity error : No declaration for attribute id of element testcase
TEST-qtest-test1.xml:67: element testcase: validity error : No declaration for attribute name of element testcase
TEST-qtest-test1.xml:71: element testcase: validity error : Element testcase does not carry attribute testid
TEST-qtest-test1.xml:71: element testcase: validity error : Element testcase does not carry attribute outcome
TEST-qtest-test1.xml:71: element testcase: validity error : Element testcase does not carry attribute description
TEST-qtest-test1.xml:71: element testcase: validity error : No declaration for attribute id of element testcase
TEST-qtest-test1.xml:71: element testcase: validity error : No declaration for attribute name of element testcase
Document TEST-qtest-test1.xml does not validate against ../../misc/qtest-results.dtd
-- ACTUAL OUTPUT --
-- DIFF EXPECTED ACTUAL --
--- /tmp/testtemp.11453/expected	2018-10-13 13:55:00.598754356 -0400
+++ /tmp/testtemp.11453/actual	2018-10-13 13:55:00.598754356 -0400
@@ -0,0 +1,89 @@
+TEST-qtest-test1.xml:2: element testsuites: validity error : No declaration for element testsuites
+TEST-qtest-test1.xml:3: element testsuite: validity error : Element testsuite does not carry attribute file
+TEST-qtest-test1.xml:3: element testsuite: validity error : No declaration for attribute name of element testsuite
+TEST-qtest-test1.xml:7: element testcase: validity error : Element testcase does not carry attribute testid
+TEST-qtest-test1.xml:7: element testcase: validity error : Element testcase does not carry attribute outcome
+TEST-qtest-test1.xml:7: element testcase: validity error : Element testcase does not carry attribute description
+TEST-qtest-test1.xml:7: element testcase: validity error : No declaration for attribute id of element testcase
+TEST-qtest-test1.xml:7: element testcase: validity error : No declaration for attribute name of element testcase
+TEST-qtest-test1.xml:11: element testcase: validity error : Element testcase does not carry attribute testid
+TEST-qtest-test1.xml:11: element testcase: validity error : Element testcase does not carry attribute outcome
+TEST-qtest-test1.xml:11: element testcase: validity error : Element testcase does not carry attribute description
+TEST-qtest-test1.xml:11: element testcase: validity error : No declaration for attribute id of element testcase
+TEST-qtest-test1.xml:11: element testcase: validity error : No declaration for attribute name of element testcase
+TEST-qtest-test1.xml:15: element testcase: validity error : Element testcase does not carry attribute testid
+TEST-qtest-test1.xml:15: element testcase: validity error : Element testcase does not carry attribute outcome
+TEST-qtest-test1.xml:15: element testcase: validity error : Element testcase does not carry attribute description
+TEST-qtest-test1.xml:15: element testcase: validity error : No declaration for attribute id of element testcase
+TEST-qtest-test1.xml:15: element testcase: validity error : No declaration for attribute name of element testcase
+TEST-qtest-test1.xml:19: element testcase: validity error : Element testcase does not carry attribute testid
+TEST-qtest-test1.xml:19: element testcase: validity error : Element testcase does not carry attribute outcome
+TEST-qtest-test1.xml:19: element testcase: validity error : Element testcase does not carry attribute description
+TEST-qtest-test1.xml:19: element testcase: validity error : No declaration for attribute id of element testcase
+TEST-qtest-test1.xml:19: element testcase: validity error : No declaration for attribute name of element testcase
+TEST-qtest-test1.xml:23: element testcase: validity error : Element testcase does not carry attribute testid
+TEST-qtest-test1.xml:23: element testcase: validity error : Element testcase does not carry attribute outcome
+TEST-qtest-test1.xml:23: element testcase: validity error : Element testcase does not carry attribute description
+TEST-qtest-test1.xml:23: element testcase: validity error : No declaration for attribute id of element testcase
+TEST-qtest-test1.xml:23: element testcase: validity error : No declaration for attribute name of element testcase
+TEST-qtest-test1.xml:27: element testcase: validity error : Element testcase does not carry attribute testid
+TEST-qtest-test1.xml:27: element testcase: validity error : Element testcase does not carry attribute outcome
+TEST-qtest-test1.xml:27: element testcase: validity error : Element testcase does not carry attribute description
+TEST-qtest-test1.xml:27: element testcase: validity error : No declaration for attribute id of element testcase
+TEST-qtest-test1.xml:27: element testcase: validity error : No declaration for attribute name of element testcase
+TEST-qtest-test1.xml:31: element testcase: validity error : Element testcase does not carry attribute testid
+TEST-qtest-test1.xml:31: element testcase: validity error : Element testcase does not carry attribute outcome
+TEST-qtest-test1.xml:31: element testcase: validity error : Element testcase does not carry attribute description
+TEST-qtest-test1.xml:31: element testcase: validity error : No declaration for attribute id of element testcase
+TEST-qtest-test1.xml:31: element testcase: validity error : No declaration for attribute name of element testcase
+TEST-qtest-test1.xml:35: element testcase: validity error : Element testcase does not carry attribute testid
+TEST-qtest-test1.xml:35: element testcase: validity error : Element testcase does not carry attribute outcome
+TEST-qtest-test1.xml:35: element testcase: validity error : Element testcase does not carry attribute description
+TEST-qtest-test1.xml:35: element testcase: validity error : No declaration for attribute id of element testcase
+TEST-qtest-test1.xml:35: element testcase: validity error : No declaration for attribute name of element testcase
+TEST-qtest-test1.xml:39: element testcase: validity error : Element testcase does not carry attribute testid
+TEST-qtest-test1.xml:39: element testcase: validity error : Element testcase does not carry attribute outcome
+TEST-qtest-test1.xml:39: element testcase: validity error : Element testcase does not carry attribute description
+TEST-qtest-test1.xml:39: element testcase: validity error : No declaration for attribute id of element testcase
+TEST-qtest-test1.xml:39: element testcase: validity error : No declaration for attribute name of element testcase
+TEST-qtest-test1.xml:43: element testcase: validity error : Element testcase does not carry attribute testid
+TEST-qtest-test1.xml:43: element testcase: validity error : Element testcase does not carry attribute outcome
+TEST-qtest-test1.xml:43: element testcase: validity error : Element testcase does not carry attribute description
+TEST-qtest-test1.xml:43: element testcase: validity error : No declaration for attribute id of element testcase
+TEST-qtest-test1.xml:43: element testcase: validity error : No declaration for attribute name of element testcase
+TEST-qtest-test1.xml:47: element testcase: validity error : Element testcase does not carry attribute testid
+TEST-qtest-test1.xml:47: element testcase: validity error : Element testcase does not carry attribute outcome
+TEST-qtest-test1.xml:47: element testcase: validity error : Element testcase does not carry attribute description
+TEST-qtest-test1.xml:47: element testcase: validity error : No declaration for attribute id of element testcase
+TEST-qtest-test1.xml:47: element testcase: validity error : No declaration for attribute name of element testcase
+TEST-qtest-test1.xml:51: element testcase: validity error : Element testcase does not carry attribute testid
+TEST-qtest-test1.xml:51: element testcase: validity error : Element testcase does not carry attribute outcome
+TEST-qtest-test1.xml:51: element testcase: validity error : Element testcase does not carry attribute description
+TEST-qtest-test1.xml:51: element testcase: validity error : No declaration for attribute id of element testcase
+TEST-qtest-test1.xml:51: element testcase: validity error : No declaration for attribute name of element testcase
+TEST-qtest-test1.xml:55: element testcase: validity error : Element testcase does not carry attribute testid
+TEST-qtest-test1.xml:55: element testcase: validity error : Element testcase does not carry attribute outcome
+TEST-qtest-test1.xml:55: element testcase: validity error : Element testcase does not carry attribute description
+TEST-qtest-test1.xml:55: element testcase: validity error : No declaration for attribute id of element testcase
+TEST-qtest-test1.xml:55: element testcase: validity error : No declaration for attribute name of element testcase
+TEST-qtest-test1.xml:59: element testcase: validity error : Element testcase does not carry attribute testid
+TEST-qtest-test1.xml:59: element testcase: validity error : Element testcase does not carry attribute outcome
+TEST-qtest-test1.xml:59: element testcase: validity error : Element testcase does not carry attribute description
+TEST-qtest-test1.xml:59: element testcase: validity error : No declaration for attribute id of element testcase
+TEST-qtest-test1.xml:59: element testcase: validity error : No declaration for attribute name of element testcase
+TEST-qtest-test1.xml:63: element testcase: validity error : Element testcase does not carry attribute testid
+TEST-qtest-test1.xml:63: element testcase: validity error : Element testcase does not carry attribute outcome
+TEST-qtest-test1.xml:63: element testcase: validity error : Element testcase does not carry attribute description
+TEST-qtest-test1.xml:63: element testcase: validity error : No declaration for attribute id of element testcase
+TEST-qtest-test1.xml:63: element testcase: validity error : No declaration for attribute name of element testcase
+TEST-qtest-test1.xml:67: element testcase: validity error : Element testcase does not carry attribute testid
+TEST-qtest-test1.xml:67: element testcase: validity error : Element testcase does not carry attribute outcome
+TEST-qtest-test1.xml:67: element testcase: validity error : Element testcase does not carry attribute description
+TEST-qtest-test1.xml:67: element testcase: validity error : No declaration for attribute id of element testcase
+TEST-qtest-test1.xml:67: element testcase: validity error : No declaration for attribute name of element testcase
+TEST-qtest-test1.xml:71: element testcase: validity error : Element testcase does not carry attribute testid
+TEST-qtest-test1.xml:71: element testcase: validity error : Element testcase does not carry attribute outcome
+TEST-qtest-test1.xml:71: element testcase: validity error : Element testcase does not carry attribute description
+TEST-qtest-test1.xml:71: element testcase: validity error : No declaration for attribute id of element testcase
+TEST-qtest-test1.xml:71: element testcase: validity error : No declaration for attribute name of element testcase
+Document TEST-qtest-test1.xml does not validate against ../../misc/qtest-results.dtd
-- END DIFFERENCES --
   </failure>
  </testcase>
  <testcase
   id="test framework 8"
   name="prompt from environment variable"
  />
  <testcase
   id="test framework 9"
   name="check qtest.log"
  />
  <testcase
   id="test framework 10"
   name="check qtest-results.xml"
  />
  <testcase
   id="test framework 11"
   name="validate qtest-results.xml"
  />
  <testcase
   id="test framework 12"
   name="check qtest-results.xml"
  >
   <failure>
cwd: /home/ejb/source/qtest/test_suite/qtest
expected output in test1-junit.xml
stracktrace:
 at framework.test line 166.
	main::check_xml("TEST-qtest-test1.xml", "test1-junit.xml") called at framework.test line 60
-- BEGIN EXPECTED OUTPUT --
[unable to open /tmp/testtemp.11453/expected: No such file or directory]-- END EXPECTED OUTPUT --
-- ACTUAL OUTPUT --
&lt;?xml version="1.0"?&gt;
&lt;testsuites&gt;
 &lt;testsuite name="test1/passes.test"&gt;
  &lt;testcase
   id="passes 1"
   name="answer"
  /&gt;
  &lt;testcase
   id="passes 2"
   name="command array"
  /&gt;
  &lt;testcase
   id="passes 3"
   name="command string"
  /&gt;
  &lt;testcase
   id="passes 4"
   name="input string"
  /&gt;
  &lt;testcase
   id="passes 5"
   name="normalize spaces (fail)"
  /&gt;
  &lt;testcase
   id="passes 6"
   name="normalize spaces"
  /&gt;
  &lt;testcase
   id="passes 7"
   name="normalize newlines"
  /&gt;
  &lt;testcase
   id="passes 8"
   name="normalize space and newlines"
  /&gt;
  &lt;testcase
   id="passes 9"
   name="remove whitespace lines"
  /&gt;
  &lt;testcase
   id="passes 10"
   name="abnormal exit status"
  /&gt;
  &lt;testcase
   id="passes 11"
   name="abnormal exit status as array"
  /&gt;
  &lt;testcase
   id="passes 12"
   name="ignored exit status"
  /&gt;
  &lt;testcase
   id="passes 13"
   name="exit on signal"
  /&gt;
  &lt;testcase
   id="passes 14"
   name="abnormal exit status with filter"
  /&gt;
  &lt;testcase
   id="passes 15"
   name="exit on signal with filter"
  /&gt;
  &lt;testcase
   id="passes 16"
   name="filter and &amp;lt;xml&amp;amp;hostile&amp;gt; &amp;quot;description&amp;quot;"
  /&gt;
  &lt;testcase
   id="passes 17"
   name="output regexp"
  /&gt;
 &lt;/testsuite&gt;
&lt;/testsuites&gt;
-- ACTUAL OUTPUT --
-- DIFF EXPECTED ACTUAL --
diff: /tmp/testtemp.11453/expected: No such file or directory
-- END DIFFERENCES --
   </failure>
  </testcase>
  <testcase
   id="test framework 13"
   name="validate qtest-results.xml"
  >
   <failure>
cwd: /home/ejb/source/qtest/test_suite/qtest
command: xmllint --noout --dtdvalid ../../misc/qtest-results.dtd TEST-qtest-test1.xml
stracktrace:
 at framework.test line 172.
	main::check_xml("TEST-qtest-test1.xml", "test1-junit.xml") called at framework.test line 60
  Expected status: 0
  Actual   status: 3
-- BEGIN EXPECTED OUTPUT --
-- END EXPECTED OUTPUT --
-- ACTUAL OUTPUT --
TEST-qtest-test1.xml:2: element testsuites: validity error : No declaration for element testsuites
TEST-qtest-test1.xml:3: element testsuite: validity error : Element testsuite does not carry attribute file
TEST-qtest-test1.xml:3: element testsuite: validity error : No declaration for attribute name of element testsuite
TEST-qtest-test1.xml:7: element testcase: validity error : Element testcase does not carry attribute testid
TEST-qtest-test1.xml:7: element testcase: validity error : Element testcase does not carry attribute outcome
TEST-qtest-test1.xml:7: element testcase: validity error : Element testcase does not carry attribute description
TEST-qtest-test1.xml:7: element testcase: validity error : No declaration for attribute id of element testcase
TEST-qtest-test1.xml:7: element testcase: validity error : No declaration for attribute name of element testcase
TEST-qtest-test1.xml:11: element testcase: validity error : Element testcase does not carry attribute testid
TEST-qtest-test1.xml:11: element testcase: validity error : Element testcase does not carry attribute outcome
TEST-qtest-test1.xml:11: element testcase: validity error : Element testcase does not carry attribute description
TEST-qtest-test1.xml:11: element testcase: validity error : No declaration for attribute id of element testcase
TEST-qtest-test1.xml:11: element testcase: validity error : No declaration for attribute name of element testcase
TEST-qtest-test1.xml:15: element testcase: validity error : Element testcase does not carry attribute testid
TEST-qtest-test1.xml:15: element testcase: validity error : Element testcase does not carry attribute outcome
TEST-qtest-test1.xml:15: element testcase: validity error : Element testcase does not carry attribute description
TEST-qtest-test1.xml:15: element testcase: validity error : No declaration for attribute id of element testcase
TEST-qtest-test1.xml:15: element testcase: validity error : No declaration for attribute name of element testcase
TEST-qtest-test1.xml:19: element testcase: validity error : Element testcase does not carry attribute testid
TEST-qtest-test1.xml:19: element testcase: validity error : Element testcase does not carry attribute outcome
TEST-qtest-test1.xml:19: element testcase: validity error : Element testcase does not carry attribute description
TEST-qtest-test1.xml:19: element testcase: validity error : No declaration for attribute id of element testcase
TEST-qtest-test1.xml:19: element testcase: validity error : No declaration for attribute name of element testcase
TEST-qtest-test1.xml:23: element testcase: validity error : Element testcase does not carry attribute testid
TEST-qtest-test1.xml:23: element testcase: validity error : Element testcase does not carry attribute outcome
TEST-qtest-test1.xml:23: element testcase: validity error : Element testcase does not carry attribute description
TEST-qtest-test1.xml:23: element testcase: validity error : No declaration for attribute id of element testcase
TEST-qtest-test1.xml:23: element testcase: validity error : No declaration for attribute name of element testcase
TEST-qtest-test1.xml:27: element testcase: validity error : Element testcase does not carry attribute testid
TEST-qtest-test1.xml:27: element testcase: validity error : Element testcase does not carry attribute outcome
TEST-qtest-test1.xml:27: element testcase: validity error : Element testcase does not carry attribute description
TEST-qtest-test1.xml:27: element testcase: validity error : No declaration for attribute id of element testcase
TEST-qtest-test1.xml:27: element testcase: validity error : No declaration for attribute name of element testcase
TEST-qtest-test1.xml:31: element testcase: validity error : Element testcase does not carry attribute testid
TEST-qtest-test1.xml:31: element testcase: validity error : Element testcase does not carry attribute outcome
TEST-qtest-test1.xml:31: element testcase: validity error : Element testcase does not carry attribute description
TEST-qtest-test1.xml:31: element testcase: validity error : No declaration for attribute id of element testcase
TEST-qtest-test1.xml:31: element testcase: validity error : No declaration for attribute name of element testcase
TEST-qtest-test1.xml:35: element testcase: validity error : Element testcase does not carry attribute testid
TEST-qtest-test1.xml:35: element testcase: validity error : Element testcase does not carry attribute outcome
TEST-qtest-test1.xml:35: element testcase: validity error : Element testcase does not carry attribute description
TEST-qtest-test1.xml:35: element testcase: validity error : No declaration for attribute id of element testcase
TEST-qtest-test1.xml:35: element testcase: validity error : No declaration for attribute name of element testcase
TEST-qtest-test1.xml:39: element testcase: validity error : Element testcase does not carry attribute testid
TEST-qtest-test1.xml:39: element testcase: validity error : Element testcase does not carry attribute outcome
TEST-qtest-test1.xml:39: element testcase: validity error : Element testcase does not carry attribute description
TEST-qtest-test1.xml:39: element testcase: validity error : No declaration for attribute id of element testcase
TEST-qtest-test1.xml:39: element testcase: validity error : No declaration for attribute name of element testcase
TEST-qtest-test1.xml:43: element testcase: validity error : Element testcase does not carry attribute testid
TEST-qtest-test1.xml:43: element testcase: validity error : Element testcase does not carry attribute outcome
TEST-qtest-test1.xml:43: element testcase: validity error : Element testcase does not carry attribute description
TEST-qtest-test1.xml:43: element testcase: validity error : No declaration for attribute id of element testcase
TEST-qtest-test1.xml:43: element testcase: validity error : No declaration for attribute name of element testcase
TEST-qtest-test1.xml:47: element testcase: validity error : Element testcase does not carry attribute testid
TEST-qtest-test1.xml:47: element testcase: validity error : Element testcase does not carry attribute outcome
TEST-qtest-test1.xml:47: element testcase: validity error : Element testcase does not carry attribute description
TEST-qtest-test1.xml:47: element testcase: validity error : No declaration for attribute id of element testcase
TEST-qtest-test1.xml:47: element testcase: validity error : No declaration for attribute name of element testcase
TEST-qtest-test1.xml:51: element testcase: validity error : Element testcase does not carry attribute testid
TEST-qtest-test1.xml:51: element testcase: validity error : Element testcase does not carry attribute outcome
TEST-qtest-test1.xml:51: element testcase: validity error : Element testcase does not carry attribute description
TEST-qtest-test1.xml:51: element testcase: validity error : No declaration for attribute id of element testcase
TEST-qtest-test1.xml:51: element testcase: validity error : No declaration for attribute name of element testcase
TEST-qtest-test1.xml:55: element testcase: validity error : Element testcase does not carry attribute testid
TEST-qtest-test1.xml:55: element testcase: validity error : Element testcase does not carry attribute outcome
TEST-qtest-test1.xml:55: element testcase: validity error : Element testcase does not carry attribute description
TEST-qtest-test1.xml:55: element testcase: validity error : No declaration for attribute id of element testcase
TEST-qtest-test1.xml:55: element testcase: validity error : No declaration for attribute name of element testcase
TEST-qtest-test1.xml:59: element testcase: validity error : Element testcase does not carry attribute testid
TEST-qtest-test1.xml:59: element testcase: validity error : Element testcase does not carry attribute outcome
TEST-qtest-test1.xml:59: element testcase: validity error : Element testcase does not carry attribute description
TEST-qtest-test1.xml:59: element testcase: validity error : No declaration for attribute id of element testcase
TEST-qtest-test1.xml:59: element testcase: validity error : No declaration for attribute name of element testcase
TEST-qtest-test1.xml:63: element testcase: validity error : Element testcase does not carry attribute testid
TEST-qtest-test1.xml:63: element testcase: validity error : Element testcase does not carry attribute outcome
TEST-qtest-test1.xml:63: element testcase: validity error : Element testcase does not carry attribute description
TEST-qtest-test1.xml:63: element testcase: validity error : No declaration for attribute id of element testcase
TEST-qtest-test1.xml:63: element testcase: validity error : No declaration for attribute name of element testcase
TEST-qtest-test1.xml:67: element testcase: validity error : Element testcase does not carry attribute testid
TEST-qtest-test1.xml:67: element testcase: validity error : Element testcase does not carry attribute outcome
TEST-qtest-test1.xml:67: element testcase: validity error : Element testcase does not carry attribute description
TEST-qtest-test1.xml:67: element testcase: validity error : No declaration for attribute id of element testcase
TEST-qtest-test1.xml:67: element testcase: validity error : No declaration for attribute name of element testcase
TEST-qtest-test1.xml:71: element testcase: validity error : Element testcase does not carry attribute testid
TEST-qtest-test1.xml:71: element testcase: validity error : Element testcase does not carry attribute outcome
TEST-qtest-test1.xml:71: element testcase: validity error : Element testcase does not carry attribute description
TEST-qtest-test1.xml:71: element testcase: validity error : No declaration for attribute id of element testcase
TEST-qtest-test1.xml:71: element testcase: validity error : No declaration for attribute name of element testcase
Document TEST-qtest-test1.xml does not validate against ../../misc/qtest-results.dtd
-- ACTUAL OUTPUT --
-- DIFF EXPECTED ACTUAL --
--- /tmp/testtemp.11453/expected	2018-10-13 13:55:00.922756387 -0400
+++ /tmp/testtemp.11453/actual	2018-10-13 13:55:00.922756387 -0400
@@ -0,0 +1,89 @@
+TEST-qtest-test1.xml:2: element testsuites: validity error : No declaration for element testsuites
+TEST-qtest-test1.xml:3: element testsuite: validity error : Element testsuite does not carry attribute file
+TEST-qtest-test1.xml:3: element testsuite: validity error : No declaration for attribute name of element testsuite
+TEST-qtest-test1.xml:7: element testcase: validity error : Element testcase does not carry attribute testid
+TEST-qtest-test1.xml:7: element testcase: validity error : Element testcase does not carry attribute outcome
+TEST-qtest-test1.xml:7: element testcase: validity error : Element testcase does not carry attribute description
+TEST-qtest-test1.xml:7: element testcase: validity error : No declaration for attribute id of element testcase
+TEST-qtest-test1.xml:7: element testcase: validity error : No declaration for attribute name of element testcase
+TEST-qtest-test1.xml:11: element testcase: validity error : Element testcase does not carry attribute testid
+TEST-qtest-test1.xml:11: element testcase: validity error : Element testcase does not carry attribute outcome
+TEST-qtest-test1.xml:11: element testcase: validity error : Element testcase does not carry attribute description
+TEST-qtest-test1.xml:11: element testcase: validity error : No declaration for attribute id of element testcase
+TEST-qtest-test1.xml:11: element testcase: validity error : No declaration for attribute name of element testcase
+TEST-qtest-test1.xml:15: element testcase: validity error : Element testcase does not carry attribute testid
+TEST-qtest-test1.xml:15: element testcase: validity error : Element testcase does not carry attribute outcome
+TEST-qtest-test1.xml:15: element testcase: validity error : Element testcase does not carry attribute description
+TEST-qtest-test1.xml:15: element testcase: validity error : No declaration for attribute id of element testcase
+TEST-qtest-test1.xml:15: element testcase: validity error : No declaration for attribute name of element testcase
+TEST-qtest-test1.xml:19: element testcase: validity error : Element testcase does not carry attribute testid
+TEST-qtest-test1.xml:19: element testcase: validity error : Element testcase does not carry attribute outcome
+TEST-qtest-test1.xml:19: element testcase: validity error : Element testcase does not carry attribute description
+TEST-qtest-test1.xml:19: element testcase: validity error : No declaration for attribute id of element testcase
+TEST-qtest-test1.xml:19: element testcase: validity error : No declaration for attribute name of element testcase
+TEST-qtest-test1.xml:23: element testcase: validity error : Element testcase does not carry attribute testid
+TEST-qtest-test1.xml:23: element testcase: validity error : Element testcase does not carry attribute outcome
+TEST-qtest-test1.xml:23: element testcase: validity error : Element testcase does not carry attribute description
+TEST-qtest-test1.xml:23: element testcase: validity error : No declaration for attribute id of element testcase
+TEST-qtest-test1.xml:23: element testcase: validity error : No declaration for attribute name of element testcase
+TEST-qtest-test1.xml:27: element testcase: validity error : Element testcase does not carry attribute testid
+TEST-qtest-test1.xml:27: element testcase: validity error : Element testcase does not carry attribute outcome
+TEST-qtest-test1.xml:27: element testcase: validity error : Element testcase does not carry attribute description
+TEST-qtest-test1.xml:27: element testcase: validity error : No declaration for attribute id of element testcase
+TEST-qtest-test1.xml:27: element testcase: validity error : No declaration for attribute name of element testcase
+TEST-qtest-test1.xml:31: element testcase: validity error : Element testcase does not carry attribute testid
+TEST-qtest-test1.xml:31: element testcase: validity error : Element testcase does not carry attribute outcome
+TEST-qtest-test1.xml:31: element testcase: validity error : Element testcase does not carry attribute description
+TEST-qtest-test1.xml:31: element testcase: validity error : No declaration for attribute id of element testcase
+TEST-qtest-test1.xml:31: element testcase: validity error : No declaration for attribute name of element testcase
+TEST-qtest-test1.xml:35: element testcase: validity error : Element testcase does not carry attribute testid
+TEST-qtest-test1.xml:35: element testcase: validity error : Element testcase does not carry attribute outcome
+TEST-qtest-test1.xml:35: element testcase: validity error : Element testcase does not carry attribute description
+TEST-qtest-test1.xml:35: element testcase: validity error : No declaration for attribute id of element testcase
+TEST-qtest-test1.xml:35: element testcase: validity error : No declaration for attribute name of element testcase
+TEST-qtest-test1.xml:39: element testcase: validity error : Element testcase does not carry attribute testid
+TEST-qtest-test1.xml:39: element testcase: validity error : Element testcase does not carry attribute outcome
+TEST-qtest-test1.xml:39: element testcase: validity error : Element testcase does not carry attribute description
+TEST-qtest-test1.xml:39: element testcase: validity error : No declaration for attribute id of element testcase
+TEST-qtest-test1.xml:39: element testcase: validity error : No declaration for attribute name of element testcase
+TEST-qtest-test1.xml:43: element testcase: validity error : Element testcase does not carry attribute testid
+TEST-qtest-test1.xml:43: element testcase: validity error : Element testcase does not carry attribute outcome
+TEST-qtest-test1.xml:43: element testcase: validity error : Element testcase does not carry attribute description
+TEST-qtest-test1.xml:43: element testcase: validity error : No declaration for attribute id of element testcase
+TEST-qtest-test1.xml:43: element testcase: validity error : No declaration for attribute name of element testcase
+TEST-qtest-test1.xml:47: element testcase: validity error : Element testcase does not carry attribute testid
+TEST-qtest-test1.xml:47: element testcase: validity error : Element testcase does not carry attribute outcome
+TEST-qtest-test1.xml:47: element testcase: validity error : Element testcase does not carry attribute description
+TEST-qtest-test1.xml:47: element testcase: validity error : No declaration for attribute id of element testcase
+TEST-qtest-test1.xml:47: element testcase: validity error : No declaration for attribute name of element testcase
+TEST-qtest-test1.xml:51: element testcase: validity error : Element testcase does not carry attribute testid
+TEST-qtest-test1.xml:51: element testcase: validity error : Element testcase does not carry attribute outcome
+TEST-qtest-test1.xml:51: element testcase: validity error : Element testcase does not carry attribute description
+TEST-qtest-test1.xml:51: element testcase: validity error : No declaration for attribute id of element testcase
+TEST-qtest-test1.xml:51: element testcase: validity error : No declaration for attribute name of element testcase
+TEST-qtest-test1.xml:55: element testcase: validity error : Element testcase does not carry attribute testid
+TEST-qtest-test1.xml:55: element testcase: validity error : Element testcase does not carry attribute outcome
+TEST-qtest-test1.xml:55: element testcase: validity error : Element testcase does not carry attribute description
+TEST-qtest-test1.xml:55: element testcase: validity error : No declaration for attribute id of element testcase
+TEST-qtest-test1.xml:55: element testcase: validity error : No declaration for attribute name of element testcase
+TEST-qtest-test1.xml:59: element testcase: validity error : Element testcase does not carry attribute testid
+TEST-qtest-test1.xml:59: element testcase: validity error : Element testcase does not carry attribute outcome
+TEST-qtest-test1.xml:59: element testcase: validity error : Element testcase does not carry attribute description
+TEST-qtest-test1.xml:59: element testcase: validity error : No declaration for attribute id of element testcase
+TEST-qtest-test1.xml:59: element testcase: validity error : No declaration for attribute name of element testcase
+TEST-qtest-test1.xml:63: element testcase: validity error : Element testcase does not carry attribute testid
+TEST-qtest-test1.xml:63: element testcase: validity error : Element testcase does not carry attribute outcome
+TEST-qtest-test1.xml:63: element testcase: validity error : Element testcase does not carry attribute description
+TEST-qtest-test1.xml:63: element testcase: validity error : No declaration for attribute id of element testcase
+TEST-qtest-test1.xml:63: element testcase: validity error : No declaration for attribute name of element testcase
+TEST-qtest-test1.xml:67: element testcase: validity error : Element testcase does not carry attribute testid
+TEST-qtest-test1.xml:67: element testcase: validity error : Element testcase does not carry attribute outcome
+TEST-qtest-test1.xml:67: element testcase: validity error : Element testcase does not carry attribute description
+TEST-qtest-test1.xml:67: element testcase: validity error : No declaration for attribute id of element testcase
+TEST-qtest-test1.xml:67: element testcase: validity error : No declaration for attribute name of element testcase
+TEST-qtest-test1.xml:71: element testcase: validity error : Element testcase does not carry attribute testid
+TEST-qtest-test1.xml:71: element testcase: validity error : Element testcase does not carry attribute outcome
+TEST-qtest-test1.xml:71: element testcase: validity error : Element testcase does not carry attribute description
+TEST-qtest-test1.xml:71: element testcase: validity error : No declaration for attribute id of element testcase
+TEST-qtest-test1.xml:71: element testcase: validity error : No declaration for attribute name of element testcase
+Document TEST-qtest-test1.xml does not validate against ../../misc/qtest-results.dtd
-- END DIFFERENCES --
   </failure>
  </testcase>
  <testcase
   id="test framework 14"
   name="failing test suites"
  />
  <testcase
   id="test framework 15"
   name="check qtest.log"
  />
  <testcase
   id="test framework 16"
   name="check qtest-results.xml"
  />
  <testcase
   id="test framework 17"
   name="validate qtest-results.xml"
  />
  <testcase
   id="test framework 18"
   name="check qtest-results.xml"
  >
   <failure>
cwd: /home/ejb/source/qtest/test_suite/qtest
expected output in test2-junit.xml
stracktrace:
 at framework.test line 166.
	main::check_xml("TEST-qtest-test2.xml", "test2-junit.xml") called at framework.test line 76
-- BEGIN EXPECTED OUTPUT --
[unable to open /tmp/testtemp.11453/expected: No such file or directory]-- END EXPECTED OUTPUT --
-- ACTUAL OUTPUT --
&lt;?xml version="1.0"?&gt;
&lt;testsuites&gt;
 &lt;testsuite name="test2/failures.test"&gt;
  &lt;testcase
   id="failures 1"
   name="test failure"
  &gt;
   &lt;failure&gt;
cwd: --top-dir--/test_suite/qtest/test2
stracktrace:
 at failures.test line  --line-number--
-- BEGIN EXPECTED OUTPUT --
qwer-- END EXPECTED OUTPUT --
-- ACTUAL OUTPUT --
asdf-- ACTUAL OUTPUT --
-- DIFF EXPECTED ACTUAL --
--- [[diff header]]
+++ [[diff header]]
@@ -1 +1 @@
-qwer
\ No newline at end of file
+asdf
\ No newline at end of file
-- END DIFFERENCES --
   &lt;/failure&gt;
  &lt;/testcase&gt;
  &lt;testcase
   id="failures 2"
   name="unexpected pass"
  /&gt;
  &lt;testcase
   id="failures 3"
   name="no diff (regexp failure)"
  &gt;
   &lt;failure&gt;
cwd: --top-dir--/test_suite/qtest/test2
stracktrace:
 at failures.test line  --line-number--
-- BEGIN EXPECTED OUTPUT --
regexp: 1-- END EXPECTED OUTPUT --
-- ACTUAL OUTPUT --
asdf
-- ACTUAL OUTPUT --
   &lt;/failure&gt;
  &lt;/testcase&gt;
  &lt;testcase
   id="failures 4"
   name="status mismatch"
  &gt;
   &lt;failure&gt;
cwd: --top-dir--/test_suite/qtest/test2
command: true
stracktrace:
 at failures.test line  --line-number--
  Expected status: 1
  Actual   status: 0
   &lt;/failure&gt;
  &lt;/testcase&gt;
  &lt;testcase
   id="failures 5"
   name="multithreaded errors 1"
  /&gt;
  &lt;testcase
   id="failures 6"
   name="multithreaded errors 1: multithreaded data"
  &gt;
   &lt;failure&gt;
cwd: --top-dir--/test_suite/qtest/test2
stracktrace:
 at --top-dir--/module/TestDriver.pm line  --line-number--
-- BEGIN EXPECTED OUTPUT --
threads:
  A
  B
  C
sequence groups:
  b
  c
-- END EXPECTED OUTPUT --
-- ACTUAL OUTPUT --
threads:
  A
  B
  C
  D
sequence groups:
/tmp/testtemp.--pid--/actual:4: no input file for thread D; sequence checking abandoned
[[D]]:msgD1
-- ACTUAL OUTPUT --
-- DIFF EXPECTED ACTUAL --
--- [[diff header]]
+++ [[diff header]]
@@ -2,6 +2,7 @@
   A
   B
   C
+  D
 sequence groups:
-  b
-  c
+/tmp/testtemp.--pid--/actual:4: no input file for thread D; sequence checking abandoned
+[[D]]:msgD1
-- END DIFFERENCES --
   &lt;/failure&gt;
  &lt;/testcase&gt;
  &lt;testcase
   id="failures 7"
   name="multithreaded errors 1: thread A"
  &gt;
   &lt;failure&gt;
cwd: --top-dir--/test_suite/qtest/test2
expected output in /tmp/testtemp.--pid--/A.thread-filtered
stracktrace:
 at --top-dir--/module/TestDriver.pm line  --line-number--
-- BEGIN EXPECTED OUTPUT --
msgA1
msgA2
event1
msgA3
-- END EXPECTED OUTPUT --
-- ACTUAL OUTPUT --
msgA1
event1
msgA3
-- ACTUAL OUTPUT --
-- DIFF EXPECTED ACTUAL --
--- [[diff header]]
+++ [[diff header]]
@@ -1,4 +1,3 @@
 msgA1
-msgA2
 event1
 msgA3
-- END DIFFERENCES --
   &lt;/failure&gt;
  &lt;/testcase&gt;
  &lt;testcase
   id="failures 8"
   name="multithreaded errors 1: thread B"
  /&gt;
  &lt;testcase
   id="failures 9"
   name="multithreaded errors 1: thread C"
  /&gt;
  &lt;testcase
   id="failures 10"
   name="multithreaded errors 1: seqgroup b"
  &gt;
   &lt;failure&gt;
cwd: --top-dir--/test_suite/qtest/test2
expected output in /tmp/testtemp.--pid--/b.seq-expected
stracktrace:
 at --top-dir--/module/TestDriver.pm line  --line-number--
-- BEGIN EXPECTED OUTPUT --
[[A]]:event1
[[B]]:event2
-- END EXPECTED OUTPUT --
-- ACTUAL OUTPUT --
[no actual output]
-- ACTUAL OUTPUT --
-- DIFF EXPECTED ACTUAL --
--- [[diff header]]
+++ [[diff header]]
@@ -1,2 +1 @@
-[[A]]:event1
-[[B]]:event2
+[no actual output]
-- END DIFFERENCES --
   &lt;/failure&gt;
  &lt;/testcase&gt;
  &lt;testcase
   id="failures 11"
   name="multithreaded errors 1: seqgroup c"
  &gt;
   &lt;failure&gt;
cwd: --top-dir--/test_suite/qtest/test2
expected output in /tmp/testtemp.--pid--/c.seq-expected
stracktrace:
 at --top-dir--/module/TestDriver.pm line  --line-number--
-- BEGIN EXPECTED OUTPUT --
[[A]]:event1
[[C]]:event3
-- END EXPECTED OUTPUT --
-- ACTUAL OUTPUT --
[no actual output]
-- ACTUAL OUTPUT --
-- DIFF EXPECTED ACTUAL --
--- [[diff header]]
+++ [[diff header]]
@@ -1,2 +1 @@
-[[A]]:event1
-[[C]]:event3
+[no actual output]
-- END DIFFERENCES --
   &lt;/failure&gt;
  &lt;/testcase&gt;
  &lt;testcase
   id="failures 12"
   name="multithreaded errors 1: original output"
  &gt;
   &lt;failure&gt;
cwd: --top-dir--/test_suite/qtest/test2
expected output in /tmp/testtemp.--pid--/thread-expected
stracktrace:
 at --top-dir--/module/TestDriver.pm line  --line-number--
-- BEGIN EXPECTED OUTPUT --
[[A]]:msgA1
[[C]]:msgC1
[[C]]:msgC2
[[A]]:msgA2
[[B]]:msgB1
[[A]]:event1
[[B]]:msgB2
[[C]]:event3
[[B]]:event2
[[B]]:msgB3
msgB3 line two
[[C]]:msgC3
[[A]]:msgA3
-- END EXPECTED OUTPUT --
-- ACTUAL OUTPUT --
[[A]]:msgA1
[[C]]:msgC1
[[C]]:msgC2
[[D]]:msgD1
[[B]]:msgB1
[[A]]:event1
[[B]]:msgB2
[[C]]:event3
[[B]]:event2
[[B]]:msgB3
msgB3 line two
[[C]]:msgC3
[[A]]:msgA3
-- ACTUAL OUTPUT --
-- DIFF EXPECTED ACTUAL --
--- [[diff header]]
+++ [[diff header]]
@@ -1,7 +1,7 @@
 [[A]]:msgA1
 [[C]]:msgC1
 [[C]]:msgC2
-[[A]]:msgA2
+[[D]]:msgD1
 [[B]]:msgB1
 [[A]]:event1
 [[B]]:msgB2
-- END DIFFERENCES --
   &lt;/failure&gt;
  &lt;/testcase&gt;
  &lt;testcase
   id="failures 13"
   name="multithreaded errors 2"
  /&gt;
  &lt;testcase
   id="failures 14"
   name="multithreaded errors 2: multithreaded data"
  &gt;
   &lt;failure&gt;
cwd: --top-dir--/test_suite/qtest/test2
stracktrace:
 at --top-dir--/module/TestDriver.pm line  --line-number--
-- BEGIN EXPECTED OUTPUT --
threads:
  A
  B
  C
sequence groups:
  b
  c
-- END EXPECTED OUTPUT --
-- ACTUAL OUTPUT --
threads:
  A
  B
  C
sequence groups:
/tmp/testtemp.--pid--/actual:2: thread A mismatch; sequencing checking abandoned
actual msgA2x
expected msgA2
-- ACTUAL OUTPUT --
-- DIFF EXPECTED ACTUAL --
--- [[diff header]]
+++ [[diff header]]
@@ -3,5 +3,6 @@
   B
   C
 sequence groups:
-  b
-  c
+/tmp/testtemp.--pid--/actual:2: thread A mismatch; sequencing checking abandoned
+actual msgA2x
+expected msgA2
-- END DIFFERENCES --
   &lt;/failure&gt;
  &lt;/testcase&gt;
  &lt;testcase
   id="failures 15"
   name="multithreaded errors 2: thread A"
  &gt;
   &lt;failure&gt;
cwd: --top-dir--/test_suite/qtest/test2
expected output in /tmp/testtemp.--pid--/A.thread-filtered
stracktrace:
 at --top-dir--/module/TestDriver.pm line  --line-number--
-- BEGIN EXPECTED OUTPUT --
msgA1
msgA2
event1
msgA3
-- END EXPECTED OUTPUT --
-- ACTUAL OUTPUT --
msgA1
msgA2x
event1
msgA3
-- ACTUAL OUTPUT --
-- DIFF EXPECTED ACTUAL --
--- [[diff header]]
+++ [[diff header]]
@@ -1,4 +1,4 @@
 msgA1
-msgA2
+msgA2x
 event1
 msgA3
-- END DIFFERENCES --
   &lt;/failure&gt;
  &lt;/testcase&gt;
  &lt;testcase
   id="failures 16"
   name="multithreaded errors 2: thread B"
  /&gt;
  &lt;testcase
   id="failures 17"
   name="multithreaded errors 2: thread C"
  &gt;
   &lt;failure&gt;
cwd: --top-dir--/test_suite/qtest/test2
expected output in /tmp/testtemp.--pid--/C.thread-filtered
stracktrace:
 at --top-dir--/module/TestDriver.pm line  --line-number--
-- BEGIN EXPECTED OUTPUT --
msgC1
msgC2
event3
msgC3
-- END EXPECTED OUTPUT --
-- ACTUAL OUTPUT --
msgC1
msgC2
event3x
msgC3
-- ACTUAL OUTPUT --
-- DIFF EXPECTED ACTUAL --
--- [[diff header]]
+++ [[diff header]]
@@ -1,4 +1,4 @@
 msgC1
 msgC2
-event3
+event3x
 msgC3
-- END DIFFERENCES --
   &lt;/failure&gt;
  &lt;/testcase&gt;
  &lt;testcase
   id="failures 18"
   name="multithreaded errors 2: seqgroup b"
  &gt;
   &lt;failure&gt;
cwd: --top-dir--/test_suite/qtest/test2
expected output in /tmp/testtemp.--pid--/b.seq-expected
stracktrace:
 at --top-dir--/module/TestDriver.pm line  --line-number--
-- BEGIN EXPECTED OUTPUT --
[[A]]:event1
[[B]]:event2
-- END EXPECTED OUTPUT --
-- ACTUAL OUTPUT --
[no actual output]
-- ACTUAL OUTPUT --
-- DIFF EXPECTED ACTUAL --
--- [[diff header]]
+++ [[diff header]]
@@ -1,2 +1 @@
-[[A]]:event1
-[[B]]:event2
+[no actual output]
-- END DIFFERENCES --
   &lt;/failure&gt;
  &lt;/testcase&gt;
  &lt;testcase
   id="failures 19"
   name="multithreaded errors 2: seqgroup c"
  &gt;
   &lt;failure&gt;
cwd: --top-dir--/test_suite/qtest/test2
expected output in /tmp/testtemp.--pid--/c.seq-expected
stracktrace:
 at --top-dir--/module/TestDriver.pm line  --line-number--
-- BEGIN EXPECTED OUTPUT --
[[A]]:event1
[[C]]:event3
-- END EXPECTED OUTPUT --
-- ACTUAL OUTPUT --
[no actual output]
-- ACTUAL OUTPUT --
-- DIFF EXPECTED ACTUAL --
--- [[diff header]]
+++ [[diff header]]
@@ -1,2 +1 @@
-[[A]]:event1
-[[C]]:event3
+[no actual output]
-- END DIFFERENCES --
   &lt;/failure&gt;
  &lt;/testcase&gt;
  &lt;testcase
   id="failures 20"
   name="multithreaded errors 2: original output"
  &gt;
   &lt;failure&gt;
cwd: --top-dir--/test_suite/qtest/test2
expected output in /tmp/testtemp.--pid--/thread-expected
stracktrace:
 at --top-dir--/module/TestDriver.pm line  --line-number--
-- BEGIN EXPECTED OUTPUT --
[[A]]:msgA1
[[C]]:msgC1
[[C]]:msgC2
[[A]]:msgA2
[[B]]:msgB1
[[A]]:event1
[[B]]:msgB2
[[C]]:event3
[[B]]:event2
[[B]]:msgB3
msgB3 line two
[[C]]:msgC3
[[A]]:msgA3
-- END EXPECTED OUTPUT --
-- ACTUAL OUTPUT --
[[A]]:msgA1
[[C]]:msgC1
[[C]]:msgC2
[[A]]:msgA2x
[[B]]:msgB1
[[A]]:event1
[[B]]:msgB2
[[C]]:event3x
[[B]]:event2
[[B]]:msgB3
msgB3 line two
[[C]]:msgC3
[[A]]:msgA3
-- ACTUAL OUTPUT --
-- DIFF EXPECTED ACTUAL --
--- [[diff header]]
+++ [[diff header]]
@@ -1,11 +1,11 @@
 [[A]]:msgA1
 [[C]]:msgC1
 [[C]]:msgC2
-[[A]]:msgA2
+[[A]]:msgA2x
 [[B]]:msgB1
 [[A]]:event1
 [[B]]:msgB2
-[[C]]:event3
+[[C]]:event3x
 [[B]]:event2
 [[B]]:msgB3
 msgB3 line two
-- END DIFFERENCES --
   &lt;/failure&gt;
  &lt;/testcase&gt;
  &lt;testcase
   id="failures 21"
   name="utf8 failures"
  &gt;
   &lt;failure&gt;
cwd: --top-dir--/test_suite/qtest/test2
stracktrace:
 at failures.test line  --line-number--
-- BEGIN EXPECTED OUTPUT --
&amp;#xcf;&amp;#x80; = 3.14159...-- END EXPECTED OUTPUT --
-- ACTUAL OUTPUT --
pi = 22/7-- ACTUAL OUTPUT --
-- DIFF EXPECTED ACTUAL --
--- [[diff header]]
+++ [[diff header]]
@@ -1 +1 @@
-&amp;#xcf;&amp;#x80; = 3.14159...
\ No newline at end of file
+pi = 22/7
\ No newline at end of file
-- END DIFFERENCES --
   &lt;/failure&gt;
  &lt;/testcase&gt;
 &lt;/testsuite&gt;
 &lt;testsuite name="test2/invalid01.test"&gt;
 &lt;/testsuite&gt;
 &lt;testsuite name="test2/invalid02.test"&gt;
 &lt;/testsuite&gt;
 &lt;testsuite name="test2/invalid03.test"&gt;
 &lt;/testsuite&gt;
 &lt;testsuite name="test2/invalid04.test"&gt;
 &lt;/testsuite&gt;
 &lt;testsuite name="test2/invalid05.test"&gt;
 &lt;/testsuite&gt;
 &lt;testsuite name="test2/invalid06.test"&gt;
 &lt;/testsuite&gt;
 &lt;testsuite name="test2/invalid07.test"&gt;
 &lt;/testsuite&gt;
 &lt;testsuite name="test2/invalid08.test"&gt;
 &lt;/testsuite&gt;
 &lt;testsuite name="test2/invalid09.test"&gt;
 &lt;/testsuite&gt;
 &lt;testsuite name="test2/invalid10.test"&gt;
 &lt;/testsuite&gt;
 &lt;testsuite name="test2/invalid11.test"&gt;
 &lt;/testsuite&gt;
 &lt;testsuite name="test2/invalid12.test"&gt;
 &lt;/testsuite&gt;
 &lt;testsuite name="test2/invalid13.test"&gt;
 &lt;/testsuite&gt;
 &lt;testsuite name="test2/invalid14.test"&gt;
 &lt;/testsuite&gt;
 &lt;testsuite name="test2/invalid15.test"&gt;
 &lt;/testsuite&gt;
 &lt;testsuite name="test2/invalid16.test"&gt;
 &lt;/testsuite&gt;
 &lt;testsuite name="test2/invalid17.test"&gt;
  &lt;testcase
   id="invalid17 1"
   name="thread data with regexp"
  /&gt;
 &lt;/testsuite&gt;
 &lt;testsuite name="test2/valid01.test"&gt;
  &lt;testcase
   id="valid01 1"
   name="valid failing test case"
  &gt;
   &lt;failure&gt;
cwd: --top-dir--/test_suite/qtest/test2
stracktrace:
 at valid01.test line  --line-number--
-- BEGIN EXPECTED OUTPUT --
2-- END EXPECTED OUTPUT --
-- ACTUAL OUTPUT --
1-- ACTUAL OUTPUT --
-- DIFF EXPECTED ACTUAL --
--- [[diff header]]
+++ [[diff header]]
@@ -1 +1 @@
-2
\ No newline at end of file
+1
\ No newline at end of file
-- END DIFFERENCES --
   &lt;/failure&gt;
  &lt;/testcase&gt;
  &lt;testcase
   id="valid01 2"
   name="valid passing test case"
  /&gt;
 &lt;/testsuite&gt;
&lt;/testsuites&gt;
-- ACTUAL OUTPUT --
-- DIFF EXPECTED ACTUAL --
diff: /tmp/testtemp.11453/expected: No such file or directory
-- END DIFFERENCES --
   </failure>
  </testcase>
  <testcase
   id="test framework 19"
   name="validate qtest-results.xml"
  >
   <failure>
cwd: /home/ejb/source/qtest/test_suite/qtest
command: xmllint --noout --dtdvalid ../../misc/qtest-results.dtd TEST-qtest-test2.xml
stracktrace:
 at framework.test line 172.
	main::check_xml("TEST-qtest-test2.xml", "test2-junit.xml") called at framework.test line 76
  Expected status: 0
  Actual   status: 3
-- BEGIN EXPECTED OUTPUT --
-- END EXPECTED OUTPUT --
-- ACTUAL OUTPUT --
TEST-qtest-test2.xml:2: element testsuites: validity error : No declaration for element testsuites
TEST-qtest-test2.xml:3: element testsuite: validity error : Element testsuite does not carry attribute file
TEST-qtest-test2.xml:3: element testsuite: validity error : No declaration for attribute name of element testsuite
TEST-qtest-test2.xml:7: element testcase: validity error : Element testcase content does not follow the DTD, expecting (cwd , command? , expected-output-file? , stacktrace , (expected-status , actual-status)? , (expected-output , actual-output , diff-output?)?)?, got (failure )
TEST-qtest-test2.xml:7: element testcase: validity error : Element testcase does not carry attribute testid
TEST-qtest-test2.xml:7: element testcase: validity error : Element testcase does not carry attribute outcome
TEST-qtest-test2.xml:7: element testcase: validity error : Element testcase does not carry attribute description
TEST-qtest-test2.xml:7: element testcase: validity error : No declaration for attribute id of element testcase
TEST-qtest-test2.xml:7: element testcase: validity error : No declaration for attribute name of element testcase
TEST-qtest-test2.xml:8: element failure: validity error : No declaration for element failure
TEST-qtest-test2.xml:30: element testcase: validity error : Element testcase does not carry attribute testid
TEST-qtest-test2.xml:30: element testcase: validity error : Element testcase does not carry attribute outcome
TEST-qtest-test2.xml:30: element testcase: validity error : Element testcase does not carry attribute description
TEST-qtest-test2.xml:30: element testcase: validity error : No declaration for attribute id of element testcase
TEST-qtest-test2.xml:30: element testcase: validity error : No declaration for attribute name of element testcase
TEST-qtest-test2.xml:34: element testcase: validity error : Element testcase content does not follow the DTD, expecting (cwd , command? , expected-output-file? , stacktrace , (expected-status , actual-status)? , (expected-output , actual-output , diff-output?)?)?, got (failure )
TEST-qtest-test2.xml:34: element testcase: validity error : Element testcase does not carry attribute testid
TEST-qtest-test2.xml:34: element testcase: validity error : Element testcase does not carry attribute outcome
TEST-qtest-test2.xml:34: element testcase: validity error : Element testcase does not carry attribute description
TEST-qtest-test2.xml:34: element testcase: validity error : No declaration for attribute id of element testcase
TEST-qtest-test2.xml:34: element testcase: validity error : No declaration for attribute name of element testcase
TEST-qtest-test2.xml:35: element failure: validity error : No declaration for element failure
TEST-qtest-test2.xml:49: element testcase: validity error : Element testcase content does not follow the DTD, expecting (cwd , command? , expected-output-file? , stacktrace , (expected-status , actual-status)? , (expected-output , actual-output , diff-output?)?)?, got (failure )
TEST-qtest-test2.xml:49: element testcase: validity error : Element testcase does not carry attribute testid
TEST-qtest-test2.xml:49: element testcase: validity error : Element testcase does not carry attribute outcome
TEST-qtest-test2.xml:49: element testcase: validity error : Element testcase does not carry attribute description
TEST-qtest-test2.xml:49: element testcase: validity error : No declaration for attribute id of element testcase
TEST-qtest-test2.xml:49: element testcase: validity error : No declaration for attribute name of element testcase
TEST-qtest-test2.xml:50: element failure: validity error : No declaration for element failure
TEST-qtest-test2.xml:62: element testcase: validity error : Element testcase does not carry attribute testid
TEST-qtest-test2.xml:62: element testcase: validity error : Element testcase does not carry attribute outcome
TEST-qtest-test2.xml:62: element testcase: validity error : Element testcase does not carry attribute description
TEST-qtest-test2.xml:62: element testcase: validity error : No declaration for attribute id of element testcase
TEST-qtest-test2.xml:62: element testcase: validity error : No declaration for attribute name of element testcase
TEST-qtest-test2.xml:66: element testcase: validity error : Element testcase content does not follow the DTD, expecting (cwd , command? , expected-output-file? , stacktrace , (expected-status , actual-status)? , (expected-output , actual-output , diff-output?)?)?, got (failure )
TEST-qtest-test2.xml:66: element testcase: validity error : Element testcase does not carry attribute testid
TEST-qtest-test2.xml:66: element testcase: validity error : Element testcase does not carry attribute outcome
TEST-qtest-test2.xml:66: element testcase: validity error : Element testcase does not carry attribute description
TEST-qtest-test2.xml:66: element testcase: validity error : No declaration for attribute id of element testcase
TEST-qtest-test2.xml:66: element testcase: validity error : No declaration for attribute name of element testcase
TEST-qtest-test2.xml:67: element failure: validity error : No declaration for element failure
TEST-qtest-test2.xml:111: element testcase: validity error : Element testcase content does not follow the DTD, expecting (cwd , command? , expected-output-file? , stacktrace , (expected-status , actual-status)? , (expected-output , actual-output , diff-output?)?)?, got (failure )
TEST-qtest-test2.xml:111: element testcase: validity error : Element testcase does not carry attribute testid
TEST-qtest-test2.xml:111: element testcase: validity error : Element testcase does not carry attribute outcome
TEST-qtest-test2.xml:111: element testcase: validity error : Element testcase does not carry attribute description
TEST-qtest-test2.xml:111: element testcase: validity error : No declaration for attribute id of element testcase
TEST-qtest-test2.xml:111: element testcase: validity error : No declaration for attribute name of element testcase
TEST-qtest-test2.xml:112: element failure: validity error : No declaration for element failure
TEST-qtest-test2.xml:144: element testcase: validity error : Element testcase does not carry attribute testid
TEST-qtest-test2.xml:144: element testcase: validity error : Element testcase does not carry attribute outcome
TEST-qtest-test2.xml:144: element testcase: validity error : Element testcase does not carry attribute description
TEST-qtest-test2.xml:144: element testcase: validity error : No declaration for attribute id of element testcase
TEST-qtest-test2.xml:144: element testcase: validity error : No declaration for attribute name of element testcase
TEST-qtest-test2.xml:148: element testcase: validity error : Element testcase does not carry attribute testid
TEST-qtest-test2.xml:148: element testcase: validity error : Element testcase does not carry attribute outcome
TEST-qtest-test2.xml:148: element testcase: validity error : Element testcase does not carry attribute description
TEST-qtest-test2.xml:148: element testcase: validity error : No declaration for attribute id of element testcase
TEST-qtest-test2.xml:148: element testcase: validity error : No declaration for attribute name of element testcase
TEST-qtest-test2.xml:152: element testcase: validity error : Element testcase content does not follow the DTD, expecting (cwd , command? , expected-output-file? , stacktrace , (expected-status , actual-status)? , (expected-output , actual-output , diff-output?)?)?, got (failure )
TEST-qtest-test2.xml:152: element testcase: validity error : Element testcase does not carry attribute testid
TEST-qtest-test2.xml:152: element testcase: validity error : Element testcase does not carry attribute outcome
TEST-qtest-test2.xml:152: element testcase: validity error : Element testcase does not carry attribute description
TEST-qtest-test2.xml:152: element testcase: validity error : No declaration for attribute id of element testcase
TEST-qtest-test2.xml:152: element testcase: validity error : No declaration for attribute name of element testcase
TEST-qtest-test2.xml:153: element failure: validity error : No declaration for element failure
TEST-qtest-test2.xml:180: element testcase: validity error : Element testcase content does not follow the DTD, expecting (cwd , command? , expected-output-file? , stacktrace , (expected-status , actual-status)? , (expected-output , actual-output , diff-output?)?)?, got (failure )
TEST-qtest-test2.xml:180: element testcase: validity error : Element testcase does not carry attribute testid
TEST-qtest-test2.xml:180: element testcase: validity error : Element testcase does not carry attribute outcome
TEST-qtest-test2.xml:180: element testcase: validity error : Element testcase does not carry attribute description
TEST-qtest-test2.xml:180: element testcase: validity error : No declaration for attribute id of element testcase
TEST-qtest-test2.xml:180: element testcase: validity error : No declaration for attribute name of element testcase
TEST-qtest-test2.xml:181: element failure: validity error : No declaration for element failure
TEST-qtest-test2.xml:208: element testcase: validity error : Element testcase content does not follow the DTD, expecting (cwd , command? , expected-output-file? , stacktrace , (expected-status , actual-status)? , (expected-output , actual-output , diff-output?)?)?, got (failure )
TEST-qtest-test2.xml:208: element testcase: validity error : Element testcase does not carry attribute testid
TEST-qtest-test2.xml:208: element testcase: validity error : Element testcase does not carry attribute outcome
TEST-qtest-test2.xml:208: element testcase: validity error : Element testcase does not carry attribute description
TEST-qtest-test2.xml:208: element testcase: validity error : No declaration for attribute id of element testcase
TEST-qtest-test2.xml:208: element testcase: validity error : No declaration for attribute name of element testcase
TEST-qtest-test2.xml:209: element failure: validity error : No declaration for element failure
TEST-qtest-test2.xml:263: element testcase: validity error : Element testcase does not carry attribute testid
TEST-qtest-test2.xml:263: element testcase: validity error : Element testcase does not carry attribute outcome
TEST-qtest-test2.xml:263: element testcase: validity error : Element testcase does not carry attribute description
TEST-qtest-test2.xml:263: element testcase: validity error : No declaration for attribute id of element testcase
TEST-qtest-test2.xml:263: element testcase: validity error : No declaration for attribute name of element testcase
TEST-qtest-test2.xml:267: element testcase: validity error : Element testcase content does not follow the DTD, expecting (cwd , command? , expected-output-file? , stacktrace , (expected-status , actual-status)? , (expected-output , actual-output , diff-output?)?)?, got (failure )
TEST-qtest-test2.xml:267: element testcase: validity error : Element testcase does not carry attribute testid
TEST-qtest-test2.xml:267: element testcase: validity error : Element testcase does not carry attribute outcome
TEST-qtest-test2.xml:267: element testcase: validity error : Element testcase does not carry attribute description
TEST-qtest-test2.xml:267: element testcase: validity error : No declaration for attribute id of element testcase
TEST-qtest-test2.xml:267: element testcase: validity error : No declaration for attribute name of element testcase
TEST-qtest-test2.xml:268: element failure: validity error : No declaration for element failure
TEST-qtest-test2.xml:311: element testcase: validity error : Element testcase content does not follow the DTD, expecting (cwd , command? , expected-output-file? , stacktrace , (expected-status , actual-status)? , (expected-output , actual-output , diff-output?)?)?, got (failure )
TEST-qtest-test2.xml:311: element testcase: validity error : Element testcase does not carry attribute testid
TEST-qtest-test2.xml:311: element testcase: validity error : Element testcase does not carry attribute outcome
TEST-qtest-test2.xml:311: element testcase: validity error : Element testcase does not carry attribute description
TEST-qtest-test2.xml:311: element testcase: validity error : No declaration for attribute id of element testcase
TEST-qtest-test2.xml:311: element testcase: validity error : No declaration for attribute name of element testcase
TEST-qtest-test2.xml:312: element failure: validity error : No declaration for element failure
TEST-qtest-test2.xml:346: element testcase: validity error : Element testcase does not carry attribute testid
TEST-qtest-test2.xml:346: element testcase: validity error : Element testcase does not carry attribute outcome
TEST-qtest-test2.xml:346: element testcase: validity error : Element testcase does not carry attribute description
TEST-qtest-test2.xml:346: element testcase: validity error : No declaration for attribute id of element testcase
TEST-qtest-test2.xml:346: element testcase: validity error : No declaration for attribute name of element testcase
TEST-qtest-test2.xml:350: element testcase: validity error : Element testcase content does not follow the DTD, expecting (cwd , command? , expected-output-file? , stacktrace , (expected-status , actual-status)? , (expected-output , actual-output , diff-output?)?)?, got (failure )
TEST-qtest-test2.xml:350: element testcase: validity error : Element testcase does not carry attribute testid
TEST-qtest-test2.xml:350: element testcase: validity error : Element testcase does not carry attribute outcome
TEST-qtest-test2.xml:350: element testcase: validity error : Element testcase does not carry attribute description
TEST-qtest-test2.xml:350: element testcase: validity error : No declaration for attribute id of element testcase
TEST-qtest-test2.xml:350: element testcase: validity error : No declaration for attribute name of element testcase
TEST-qtest-test2.xml:351: element failure: validity error : No declaration for element failure
TEST-qtest-test2.xml:385: element testcase: validity error : Element testcase content does not follow the DTD, expecting (cwd , command? , expected-output-file? , stacktrace , (expected-status , actual-status)? , (expected-output , actual-output , diff-output?)?)?, got (failure )
TEST-qtest-test2.xml:385: element testcase: validity error : Element testcase does not carry attribute testid
TEST-qtest-test2.xml:385: element testcase: validity error : Element testcase does not carry attribute outcome
TEST-qtest-test2.xml:385: element testcase: validity error : Element testcase does not carry attribute description
TEST-qtest-test2.xml:385: element testcase: validity error : No declaration for attribute id of element testcase
TEST-qtest-test2.xml:385: element testcase: validity error : No declaration for attribute name of element testcase
TEST-qtest-test2.xml:386: element failure: validity error : No declaration for element failure
TEST-qtest-test2.xml:413: element testcase: validity error : Element testcase content does not follow the DTD, expecting (cwd , command? , expected-output-file? , stacktrace , (expected-status , actual-status)? , (expected-output , actual-output , diff-output?)?)?, got (failure )
TEST-qtest-test2.xml:413: element testcase: validity error : Element testcase does not carry attribute testid
TEST-qtest-test2.xml:413: element testcase: validity error : Element testcase does not carry attribute outcome
TEST-qtest-test2.xml:413: element testcase: validity error : Element testcase does not carry attribute description
TEST-qtest-test2.xml:413: element testcase: validity error : No declaration for attribute id of element testcase
TEST-qtest-test2.xml:413: element testcase: validity error : No declaration for attribute name of element testcase
TEST-qtest-test2.xml:414: element failure: validity error : No declaration for element failure
TEST-qtest-test2.xml:441: element testcase: validity error : Element testcase content does not follow the DTD, expecting (cwd , command? , expected-output-file? , stacktrace , (expected-status , actual-status)? , (expected-output , actual-output , diff-output?)?)?, got (failure )
TEST-qtest-test2.xml:441: element testcase: validity error : Element testcase does not carry attribute testid
TEST-qtest-test2.xml:441: element testcase: validity error : Element testcase does not carry attribute outcome
TEST-qtest-test2.xml:441: element testcase: validity error : Element testcase does not carry attribute description
TEST-qtest-test2.xml:441: element testcase: validity error : No declaration for attribute id of element testcase
TEST-qtest-test2.xml:441: element testcase: validity error : No declaration for attribute name of element testcase
TEST-qtest-test2.xml:442: element failure: validity error : No declaration for element failure
TEST-qtest-test2.xml:501: element testcase: validity error : Element testcase content does not follow the DTD, expecting (cwd , command? , expected-output-file? , stacktrace , (expected-status , actual-status)? , (expected-output , actual-output , diff-output?)?)?, got (failure )
TEST-qtest-test2.xml:501: element testcase: validity error : Element testcase does not carry attribute testid
TEST-qtest-test2.xml:501: element testcase: validity error : Element testcase does not carry attribute outcome
TEST-qtest-test2.xml:501: element testcase: validity error : Element testcase does not carry attribute description
TEST-qtest-test2.xml:501: element testcase: validity error : No declaration for attribute id of element testcase
TEST-qtest-test2.xml:501: element testcase: validity error : No declaration for attribute name of element testcase
TEST-qtest-test2.xml:502: element failure: validity error : No declaration for element failure
TEST-qtest-test2.xml:522: element testsuite: validity error : Element testsuite does not carry attribute file
TEST-qtest-test2.xml:522: element testsuite: validity error : No declaration for attribute name of element testsuite
TEST-qtest-test2.xml:524: element testsuite: validity error : Element testsuite does not carry attribute file
TEST-qtest-test2.xml:524: element testsuite: validity error : No declaration for attribute name of element testsuite
TEST-qtest-test2.xml:526: element testsuite: validity error : Element testsuite does not carry attribute file
TEST-qtest-test2.xml:526: element testsuite: validity error : No declaration for attribute name of element testsuite
TEST-qtest-test2.xml:528: element testsuite: validity error : Element testsuite does not carry attribute file
TEST-qtest-test2.xml:528: element testsuite: validity error : No declaration for attribute name of element testsuite
TEST-qtest-test2.xml:530: element testsuite: validity error : Element testsuite does not carry attribute file
TEST-qtest-test2.xml:530: element testsuite: validity error : No declaration for attribute name of element testsuite
TEST-qtest-test2.xml:532: element testsuite: validity error : Element testsuite does not carry attribute file
TEST-qtest-test2.xml:532: element testsuite: validity error : No declaration for attribute name of element testsuite
TEST-qtest-test2.xml:534: element testsuite: validity error : Element testsuite does not carry attribute file
TEST-qtest-test2.xml:534: element testsuite: validity error : No declaration for attribute name of element testsuite
TEST-qtest-test2.xml:536: element testsuite: validity error : Element testsuite does not carry attribute file
TEST-qtest-test2.xml:536: element testsuite: validity error : No declaration for attribute name of element testsuite
TEST-qtest-test2.xml:538: element testsuite: validity error : Element testsuite does not carry attribute file
TEST-qtest-test2.xml:538: element testsuite: validity error : No declaration for attribute name of element testsuite
TEST-qtest-test2.xml:540: element testsuite: validity error : Element testsuite does not carry attribute file
TEST-qtest-test2.xml:540: element testsuite: validity error : No declaration for attribute name of element testsuite
TEST-qtest-test2.xml:542: element testsuite: validity error : Element testsuite does not carry attribute file
TEST-qtest-test2.xml:542: element testsuite: validity error : No declaration for attribute name of element testsuite
TEST-qtest-test2.xml:544: element testsuite: validity error : Element testsuite does not carry attribute file
TEST-qtest-test2.xml:544: element testsuite: validity error : No declaration for attribute name of element testsuite
TEST-qtest-test2.xml:546: element testsuite: validity error : Element testsuite does not carry attribute file
TEST-qtest-test2.xml:546: element testsuite: validity error : No declaration for attribute name of element testsuite
TEST-qtest-test2.xml:548: element testsuite: validity error : Element testsuite does not carry attribute file
TEST-qtest-test2.xml:548: element testsuite: validity error : No declaration for attribute name of element testsuite
TEST-qtest-test2.xml:550: element testsuite: validity error : Element testsuite does not carry attribute file
TEST-qtest-test2.xml:550: element testsuite: validity error : No declaration for attribute name of element testsuite
TEST-qtest-test2.xml:552: element testsuite: validity error : Element testsuite does not carry attribute file
TEST-qtest-test2.xml:552: element testsuite: validity error : No declaration for attribute name of element testsuite
TEST-qtest-test2.xml:554: element testsuite: validity error : Element testsuite does not carry attribute file
TEST-qtest-test2.xml:554: element testsuite: validity error : No declaration for attribute name of element testsuite
TEST-qtest-test2.xml:558: element testcase: validity error : Element testcase does not carry attribute testid
TEST-qtest-test2.xml:558: element testcase: validity error : Element testcase does not carry attribute outcome
TEST-qtest-test2.xml:558: element testcase: validity error : Element testcase does not carry attribute description
TEST-qtest-test2.xml:558: element testcase: validity error : No declaration for attribute id of element testcase
TEST-qtest-test2.xml:558: element testcase: validity error : No declaration for attribute name of element testcase
TEST-qtest-test2.xml:560: element testsuite: validity error : Element testsuite does not carry attribute file
TEST-qtest-test2.xml:560: element testsuite: validity error : No declaration for attribute name of element testsuite
TEST-qtest-test2.xml:564: element testcase: validity error : Element testcase content does not follow the DTD, expecting (cwd , command? , expected-output-file? , stacktrace , (expected-status , actual-status)? , (expected-output , actual-output , diff-output?)?)?, got (failure )
TEST-qtest-test2.xml:564: element testcase: validity error : Element testcase does not carry attribute testid
TEST-qtest-test2.xml:564: element testcase: validity error : Element testcase does not carry attribute outcome
TEST-qtest-test2.xml:564: element testcase: validity error : Element testcase does not carry attribute description
TEST-qtest-test2.xml:564: element testcase: validity error : No declaration for attribute id of element testcase
TEST-qtest-test2.xml:564: element testcase: validity error : No declaration for attribute name of element testcase
TEST-qtest-test2.xml:565: element failure: validity error : No declaration for element failure
TEST-qtest-test2.xml:587: element testcase: validity error : Element testcase does not carry attribute testid
TEST-qtest-test2.xml:587: element testcase: validity error : Element testcase does not carry attribute outcome
TEST-qtest-test2.xml:587: element testcase: validity error : Element testcase does not carry attribute description
TEST-qtest-test2.xml:587: element testcase: validity error : No declaration for attribute id of element testcase
TEST-qtest-test2.xml:587: element testcase: validity error : No declaration for attribute name of element testcase
Document TEST-qtest-test2.xml does not validate against ../../misc/qtest-results.dtd
-- ACTUAL OUTPUT --
-- DIFF EXPECTED ACTUAL --
--- /tmp/testtemp.11453/expected	2018-10-13 13:55:02.374765483 -0400
+++ /tmp/testtemp.11453/actual	2018-10-13 13:55:02.374765483 -0400
@@ -0,0 +1,192 @@
+TEST-qtest-test2.xml:2: element testsuites: validity error : No declaration for element testsuites
+TEST-qtest-test2.xml:3: element testsuite: validity error : Element testsuite does not carry attribute file
+TEST-qtest-test2.xml:3: element testsuite: validity error : No declaration for attribute name of element testsuite
+TEST-qtest-test2.xml:7: element testcase: validity error : Element testcase content does not follow the DTD, expecting (cwd , command? , expected-output-file? , stacktrace , (expected-status , actual-status)? , (expected-output , actual-output , diff-output?)?)?, got (failure )
+TEST-qtest-test2.xml:7: element testcase: validity error : Element testcase does not carry attribute testid
+TEST-qtest-test2.xml:7: element testcase: validity error : Element testcase does not carry attribute outcome
+TEST-qtest-test2.xml:7: element testcase: validity error : Element testcase does not carry attribute description
+TEST-qtest-test2.xml:7: element testcase: validity error : No declaration for attribute id of element testcase
+TEST-qtest-test2.xml:7: element testcase: validity error : No declaration for attribute name of element testcase
+TEST-qtest-test2.xml:8: element failure: validity error : No declaration for element failure
+TEST-qtest-test2.xml:30: element testcase: validity error : Element testcase does not carry attribute testid
+TEST-qtest-test2.xml:30: element testcase: validity error : Element testcase does not carry attribute outcome
+TEST-qtest-test2.xml:30: element testcase: validity error : Element testcase does not carry attribute description
+TEST-qtest-test2.xml:30: element testcase: validity error : No declaration for attribute id of element testcase
+TEST-qtest-test2.xml:30: element testcase: validity error : No declaration for attribute name of element testcase
+TEST-qtest-test2.xml:34: element testcase: validity error : Element testcase content does not follow the DTD, expecting (cwd , command? , expected-output-file? , stacktrace , (expected-status , actual-status)? , (expected-output , actual-output , diff-output?)?)?, got (failure )
+TEST-qtest-test2.xml:34: element testcase: validity error : Element testcase does not carry attribute testid
+TEST-qtest-test2.xml:34: element testcase: validity error : Element testcase does not carry attribute outcome
+TEST-qtest-test2.xml:34: element testcase: validity error : Element testcase does not carry attribute description
+TEST-qtest-test2.xml:34: element testcase: validity error : No declaration for attribute id of element testcase
+TEST-qtest-test2.xml:34: element testcase: validity error : No declaration for attribute name of element testcase
+TEST-qtest-test2.xml:35: element failure: validity error : No declaration for element failure
+TEST-qtest-test2.xml:49: element testcase: validity error : Element testcase content does not follow the DTD, expecting (cwd , command? , expected-output-file? , stacktrace , (expected-status , actual-status)? , (expected-output , actual-output , diff-output?)?)?, got (failure )
+TEST-qtest-test2.xml:49: element testcase: validity error : Element testcase does not carry attribute testid
+TEST-qtest-test2.xml:49: element testcase: validity error : Element testcase does not carry attribute outcome
+TEST-qtest-test2.xml:49: element testcase: validity error : Element testcase does not carry attribute description
+TEST-qtest-test2.xml:49: element testcase: validity error : No declaration for attribute id of element testcase
+TEST-qtest-test2.xml:49: element testcase: validity error : No declaration for attribute name of element testcase
+TEST-qtest-test2.xml:50: element failure: validity error : No declaration for element failure
+TEST-qtest-test2.xml:62: element testcase: validity error : Element testcase does not carry attribute testid
+TEST-qtest-test2.xml:62: element testcase: validity error : Element testcase does not carry attribute outcome
+TEST-qtest-test2.xml:62: element testcase: validity error : Element testcase does not carry attribute description
+TEST-qtest-test2.xml:62: element testcase: validity error : No declaration for attribute id of element testcase
+TEST-qtest-test2.xml:62: element testcase: validity error : No declaration for attribute name of element testcase
+TEST-qtest-test2.xml:66: element testcase: validity error : Element testcase content does not follow the DTD, expecting (cwd , command? , expected-output-file? , stacktrace , (expected-status , actual-status)? , (expected-output , actual-output , diff-output?)?)?, got (failure )
+TEST-qtest-test2.xml:66: element testcase: validity error : Element testcase does not carry attribute testid
+TEST-qtest-test2.xml:66: element testcase: validity error : Element testcase does not carry attribute outcome
+TEST-qtest-test2.xml:66: element testcase: validity error : Element testcase does not carry attribute description
+TEST-qtest-test2.xml:66: element testcase: validity error : No declaration for attribute id of element testcase
+TEST-qtest-test2.xml:66: element testcase: validity error : No declaration for attribute name of element testcase
+TEST-qtest-test2.xml:67: element failure: validity error : No declaration for element failure
+TEST-qtest-test2.xml:111: element testcase: validity error : Element testcase content does not follow the DTD, expecting (cwd , command? , expected-output-file? , stacktrace , (expected-status , actual-status)? , (expected-output , actual-output , diff-output?)?)?, got (failure )
+TEST-qtest-test2.xml:111: element testcase: validity error : Element testcase does not carry attribute testid
+TEST-qtest-test2.xml:111: element testcase: validity error : Element testcase does not carry attribute outcome
+TEST-qtest-test2.xml:111: element testcase: validity error : Element testcase does not carry attribute description
+TEST-qtest-test2.xml:111: element testcase: validity error : No declaration for attribute id of element testcase
+TEST-qtest-test2.xml:111: element testcase: validity error : No declaration for attribute name of element testcase
+TEST-qtest-test2.xml:112: element failure: validity error : No declaration for element failure
+TEST-qtest-test2.xml:144: element testcase: validity error : Element testcase does not carry attribute testid
+TEST-qtest-test2.xml:144: element testcase: validity error : Element testcase does not carry attribute outcome
+TEST-qtest-test2.xml:144: element testcase: validity error : Element testcase does not carry attribute description
+TEST-qtest-test2.xml:144: element testcase: validity error : No declaration for attribute id of element testcase
+TEST-qtest-test2.xml:144: element testcase: validity error : No declaration for attribute name of element testcase
+TEST-qtest-test2.xml:148: element testcase: validity error : Element testcase does not carry attribute testid
+TEST-qtest-test2.xml:148: element testcase: validity error : Element testcase does not carry attribute outcome
+TEST-qtest-test2.xml:148: element testcase: validity error : Element testcase does not carry attribute description
+TEST-qtest-test2.xml:148: element testcase: validity error : No declaration for attribute id of element testcase
+TEST-qtest-test2.xml:148: element testcase: validity error : No declaration for attribute name of element testcase
+TEST-qtest-test2.xml:152: element testcase: validity error : Element testcase content does not follow the DTD, expecting (cwd , command? , expected-output-file? , stacktrace , (expected-status , actual-status)? , (expected-output , actual-output , diff-output?)?)?, got (failure )
+TEST-qtest-test2.xml:152: element testcase: validity error : Element testcase does not carry attribute testid
+TEST-qtest-test2.xml:152: element testcase: validity error : Element testcase does not carry attribute outcome
+TEST-qtest-test2.xml:152: element testcase: validity error : Element testcase does not carry attribute description
+TEST-qtest-test2.xml:152: element testcase: validity error : No declaration for attribute id of element testcase
+TEST-qtest-test2.xml:152: element testcase: validity error : No declaration for attribute name of element testcase
+TEST-qtest-test2.xml:153: element failure: validity error : No declaration for element failure
+TEST-qtest-test2.xml:180: element testcase: validity error : Element testcase content does not follow the DTD, expecting (cwd , command? , expected-output-file? , stacktrace , (expected-status , actual-status)? , (expected-output , actual-output , diff-output?)?)?, got (failure )
+TEST-qtest-test2.xml:180: element testcase: validity error : Element testcase does not carry attribute testid
+TEST-qtest-test2.xml:180: element testcase: validity error : Element testcase does not carry attribute outcome
+TEST-qtest-test2.xml:180: element testcase: validity error : Element testcase does not carry attribute description
+TEST-qtest-test2.xml:180: element testcase: validity error : No declaration for attribute id of element testcase
+TEST-qtest-test2.xml:180: element testcase: validity error : No declaration for attribute name of element testcase
+TEST-qtest-test2.xml:181: element failure: validity error : No declaration for element failure
+TEST-qtest-test2.xml:208: element testcase: validity error : Element testcase content does not follow the DTD, expecting (cwd , command? , expected-output-file? , stacktrace , (expected-status , actual-status)? , (expected-output , actual-output , diff-output?)?)?, got (failure )
+TEST-qtest-test2.xml:208: element testcase: validity error : Element testcase does not carry attribute testid
+TEST-qtest-test2.xml:208: element testcase: validity error : Element testcase does not carry attribute outcome
+TEST-qtest-test2.xml:208: element testcase: validity error : Element testcase does not carry attribute description
+TEST-qtest-test2.xml:208: element testcase: validity error : No declaration for attribute id of element testcase
+TEST-qtest-test2.xml:208: element testcase: validity error : No declaration for attribute name of element testcase
+TEST-qtest-test2.xml:209: element failure: validity error : No declaration for element failure
+TEST-qtest-test2.xml:263: element testcase: validity error : Element testcase does not carry attribute testid
+TEST-qtest-test2.xml:263: element testcase: validity error : Element testcase does not carry attribute outcome
+TEST-qtest-test2.xml:263: element testcase: validity error : Element testcase does not carry attribute description
+TEST-qtest-test2.xml:263: element testcase: validity error : No declaration for attribute id of element testcase
+TEST-qtest-test2.xml:263: element testcase: validity error : No declaration for attribute name of element testcase
+TEST-qtest-test2.xml:267: element testcase: validity error : Element testcase content does not follow the DTD, expecting (cwd , command? , expected-output-file? , stacktrace , (expected-status , actual-status)? , (expected-output , actual-output , diff-output?)?)?, got (failure )
+TEST-qtest-test2.xml:267: element testcase: validity error : Element testcase does not carry attribute testid
+TEST-qtest-test2.xml:267: element testcase: validity error : Element testcase does not carry attribute outcome
+TEST-qtest-test2.xml:267: element testcase: validity error : Element testcase does not carry attribute description
+TEST-qtest-test2.xml:267: element testcase: validity error : No declaration for attribute id of element testcase
+TEST-qtest-test2.xml:267: element testcase: validity error : No declaration for attribute name of element testcase
+TEST-qtest-test2.xml:268: element failure: validity error : No declaration for element failure
+TEST-qtest-test2.xml:311: element testcase: validity error : Element testcase content does not follow the DTD, expecting (cwd , command? , expected-output-file? , stacktrace , (expected-status , actual-status)? , (expected-output , actual-output , diff-output?)?)?, got (failure )
+TEST-qtest-test2.xml:311: element testcase: validity error : Element testcase does not carry attribute testid
+TEST-qtest-test2.xml:311: element testcase: validity error : Element testcase does not carry attribute outcome
+TEST-qtest-test2.xml:311: element testcase: validity error : Element testcase does not carry attribute description
+TEST-qtest-test2.xml:311: element testcase: validity error : No declaration for attribute id of element testcase
+TEST-qtest-test2.xml:311: element testcase: validity error : No declaration for attribute name of element testcase
+TEST-qtest-test2.xml:312: element failure: validity error : No declaration for element failure
+TEST-qtest-test2.xml:346: element testcase: validity error : Element testcase does not carry attribute testid
+TEST-qtest-test2.xml:346: element testcase: validity error : Element testcase does not carry attribute outcome
+TEST-qtest-test2.xml:346: element testcase: validity error : Element testcase does not carry attribute description
+TEST-qtest-test2.xml:346: element testcase: validity error : No declaration for attribute id of element testcase
+TEST-qtest-test2.xml:346: element testcase: validity error : No declaration for attribute name of element testcase
+TEST-qtest-test2.xml:350: element testcase: validity error : Element testcase content does not follow the DTD, expecting (cwd , command? , expected-output-file? , stacktrace , (expected-status , actual-status)? , (expected-output , actual-output , diff-output?)?)?, got (failure )
+TEST-qtest-test2.xml:350: element testcase: validity error : Element testcase does not carry attribute testid
+TEST-qtest-test2.xml:350: element testcase: validity error : Element testcase does not carry attribute outcome
+TEST-qtest-test2.xml:350: element testcase: validity error : Element testcase does not carry attribute description
+TEST-qtest-test2.xml:350: element testcase: validity error : No declaration for attribute id of element testcase
+TEST-qtest-test2.xml:350: element testcase: validity error : No declaration for attribute name of element testcase
+TEST-qtest-test2.xml:351: element failure: validity error : No declaration for element failure
+TEST-qtest-test2.xml:385: element testcase: validity error : Element testcase content does not follow the DTD, expecting (cwd , command? , expected-output-file? , stacktrace , (expected-status , actual-status)? , (expected-output , actual-output , diff-output?)?)?, got (failure )
+TEST-qtest-test2.xml:385: element testcase: validity error : Element testcase does not carry attribute testid
+TEST-qtest-test2.xml:385: element testcase: validity error : Element testcase does not carry attribute outcome
+TEST-qtest-test2.xml:385: element testcase: validity error : Element testcase does not carry attribute description
+TEST-qtest-test2.xml:385: element testcase: validity error : No declaration for attribute id of element testcase
+TEST-qtest-test2.xml:385: element testcase: validity error : No declaration for attribute name of element testcase
+TEST-qtest-test2.xml:386: element failure: validity error : No declaration for element failure
+TEST-qtest-test2.xml:413: element testcase: validity error : Element testcase content does not follow the DTD, expecting (cwd , command? , expected-output-file? , stacktrace , (expected-status , actual-status)? , (expected-output , actual-output , diff-output?)?)?, got (failure )
+TEST-qtest-test2.xml:413: element testcase: validity error : Element testcase does not carry attribute testid
+TEST-qtest-test2.xml:413: element testcase: validity error : Element testcase does not carry attribute outcome
+TEST-qtest-test2.xml:413: element testcase: validity error : Element testcase does not carry attribute description
+TEST-qtest-test2.xml:413: element testcase: validity error : No declaration for attribute id of element testcase
+TEST-qtest-test2.xml:413: element testcase: validity error : No declaration for attribute name of element testcase
+TEST-qtest-test2.xml:414: element failure: validity error : No declaration for element failure
+TEST-qtest-test2.xml:441: element testcase: validity error : Element testcase content does not follow the DTD, expecting (cwd , command? , expected-output-file? , stacktrace , (expected-status , actual-status)? , (expected-output , actual-output , diff-output?)?)?, got (failure )
+TEST-qtest-test2.xml:441: element testcase: validity error : Element testcase does not carry attribute testid
+TEST-qtest-test2.xml:441: element testcase: validity error : Element testcase does not carry attribute outcome
+TEST-qtest-test2.xml:441: element testcase: validity error : Element testcase does not carry attribute description
+TEST-qtest-test2.xml:441: element testcase: validity error : No declaration for attribute id of element testcase
+TEST-qtest-test2.xml:441: element testcase: validity error : No declaration for attribute name of element testcase
+TEST-qtest-test2.xml:442: element failure: validity error : No declaration for element failure
+TEST-qtest-test2.xml:501: element testcase: validity error : Element testcase content does not follow the DTD, expecting (cwd , command? , expected-output-file? , stacktrace , (expected-status , actual-status)? , (expected-output , actual-output , diff-output?)?)?, got (failure )
+TEST-qtest-test2.xml:501: element testcase: validity error : Element testcase does not carry attribute testid
+TEST-qtest-test2.xml:501: element testcase: validity error : Element testcase does not carry attribute outcome
+TEST-qtest-test2.xml:501: element testcase: validity error : Element testcase does not carry attribute description
+TEST-qtest-test2.xml:501: element testcase: validity error : No declaration for attribute id of element testcase
+TEST-qtest-test2.xml:501: element testcase: validity error : No declaration for attribute name of element testcase
+TEST-qtest-test2.xml:502: element failure: validity error : No declaration for element failure
+TEST-qtest-test2.xml:522: element testsuite: validity error : Element testsuite does not carry attribute file
+TEST-qtest-test2.xml:522: element testsuite: validity error : No declaration for attribute name of element testsuite
+TEST-qtest-test2.xml:524: element testsuite: validity error : Element testsuite does not carry attribute file
+TEST-qtest-test2.xml:524: element testsuite: validity error : No declaration for attribute name of element testsuite
+TEST-qtest-test2.xml:526: element testsuite: validity error : Element testsuite does not carry attribute file
+TEST-qtest-test2.xml:526: element testsuite: validity error : No declaration for attribute name of element testsuite
+TEST-qtest-test2.xml:528: element testsuite: validity error : Element testsuite does not carry attribute file
+TEST-qtest-test2.xml:528: element testsuite: validity error : No declaration for attribute name of element testsuite
+TEST-qtest-test2.xml:530: element testsuite: validity error : Element testsuite does not carry attribute file
+TEST-qtest-test2.xml:530: element testsuite: validity error : No declaration for attribute name of element testsuite
+TEST-qtest-test2.xml:532: element testsuite: validity error : Element testsuite does not carry attribute file
+TEST-qtest-test2.xml:532: element testsuite: validity error : No declaration for attribute name of element testsuite
+TEST-qtest-test2.xml:534: element testsuite: validity error : Element testsuite does not carry attribute file
+TEST-qtest-test2.xml:534: element testsuite: validity error : No declaration for attribute name of element testsuite
+TEST-qtest-test2.xml:536: element testsuite: validity error : Element testsuite does not carry attribute file
+TEST-qtest-test2.xml:536: element testsuite: validity error : No declaration for attribute name of element testsuite
+TEST-qtest-test2.xml:538: element testsuite: validity error : Element testsuite does not carry attribute file
+TEST-qtest-test2.xml:538: element testsuite: validity error : No declaration for attribute name of element testsuite
+TEST-qtest-test2.xml:540: element testsuite: validity error : Element testsuite does not carry attribute file
+TEST-qtest-test2.xml:540: element testsuite: validity error : No declaration for attribute name of element testsuite
+TEST-qtest-test2.xml:542: element testsuite: validity error : Element testsuite does not carry attribute file
+TEST-qtest-test2.xml:542: element testsuite: validity error : No declaration for attribute name of element testsuite
+TEST-qtest-test2.xml:544: element testsuite: validity error : Element testsuite does not carry attribute file
+TEST-qtest-test2.xml:544: element testsuite: validity error : No declaration for attribute name of element testsuite
+TEST-qtest-test2.xml:546: element testsuite: validity error : Element testsuite does not carry attribute file
+TEST-qtest-test2.xml:546: element testsuite: validity error : No declaration for attribute name of element testsuite
+TEST-qtest-test2.xml:548: element testsuite: validity error : Element testsuite does not carry attribute file
+TEST-qtest-test2.xml:548: element testsuite: validity error : No declaration for attribute name of element testsuite
+TEST-qtest-test2.xml:550: element testsuite: validity error : Element testsuite does not carry attribute file
+TEST-qtest-test2.xml:550: element testsuite: validity error : No declaration for attribute name of element testsuite
+TEST-qtest-test2.xml:552: element testsuite: validity error : Element testsuite does not carry attribute file
+TEST-qtest-test2.xml:552: element testsuite: validity error : No declaration for attribute name of element testsuite
+TEST-qtest-test2.xml:554: element testsuite: validity error : Element testsuite does not carry attribute file
+TEST-qtest-test2.xml:554: element testsuite: validity error : No declaration for attribute name of element testsuite
+TEST-qtest-test2.xml:558: element testcase: validity error : Element testcase does not carry attribute testid
+TEST-qtest-test2.xml:558: element testcase: validity error : Element testcase does not carry attribute outcome
+TEST-qtest-test2.xml:558: element testcase: validity error : Element testcase does not carry attribute description
+TEST-qtest-test2.xml:558: element testcase: validity error : No declaration for attribute id of element testcase
+TEST-qtest-test2.xml:558: element testcase: validity error : No declaration for attribute name of element testcase
+TEST-qtest-test2.xml:560: element testsuite: validity error : Element testsuite does not carry attribute file
+TEST-qtest-test2.xml:560: element testsuite: validity error : No declaration for attribute name of element testsuite
+TEST-qtest-test2.xml:564: element testcase: validity error : Element testcase content does not follow the DTD, expecting (cwd , command? , expected-output-file? , stacktrace , (expected-status , actual-status)? , (expected-output , actual-output , diff-output?)?)?, got (failure )
+TEST-qtest-test2.xml:564: element testcase: validity error : Element testcase does not carry attribute testid
+TEST-qtest-test2.xml:564: element testcase: validity error : Element testcase does not carry attribute outcome
+TEST-qtest-test2.xml:564: element testcase: validity error : Element testcase does not carry attribute description
+TEST-qtest-test2.xml:564: element testcase: validity error : No declaration for attribute id of element testcase
+TEST-qtest-test2.xml:564: element testcase: validity error : No declaration for attribute name of element testcase
+TEST-qtest-test2.xml:565: element failure: validity error : No declaration for element failure
+TEST-qtest-test2.xml:587: element testcase: validity error : Element testcase does not carry attribute testid
+TEST-qtest-test2.xml:587: element testcase: validity error : Element testcase does not carry attribute outcome
+TEST-qtest-test2.xml:587: element testcase: validity error : Element testcase does not carry attribute description
+TEST-qtest-test2.xml:587: element testcase: validity error : No declaration for attribute id of element testcase
+TEST-qtest-test2.xml:587: element testcase: validity error : No declaration for attribute name of element testcase
+Document TEST-qtest-test2.xml does not validate against ../../misc/qtest-results.dtd
-- END DIFFERENCES --
   </failure>
  </testcase>
  <testcase
   id="test framework 20"
   name="failing test suites (2)"
  />
  <testcase
   id="test framework 21"
   name="check qtest.log"
  />
  <testcase
   id="test framework 22"
   name="check qtest-results.xml"
  />
  <testcase
   id="test framework 23"
   name="validate qtest-results.xml"
  />
  <testcase
   id="test framework 24"
   name="check qtest-results.xml"
  >
   <failure>
cwd: /home/ejb/source/qtest/test_suite/qtest
expected output in test2-2-junit.xml
stracktrace:
 at framework.test line 166.
	main::check_xml("TEST-qtest-test2-2.xml", "test2-2-junit.xml") called at framework.test line 93
-- BEGIN EXPECTED OUTPUT --
[unable to open /tmp/testtemp.11453/expected: No such file or directory]-- END EXPECTED OUTPUT --
-- ACTUAL OUTPUT --
&lt;?xml version="1.0"?&gt;
&lt;testsuites&gt;
 &lt;testsuite name="test2/failures.test"&gt;
  &lt;testcase
   id="failures 1"
   name="test failure"
  &gt;
   &lt;failure&gt;
cwd: --top-dir--/test_suite/qtest/test2
stracktrace:
 at failures.test line  --line-number--
-- BEGIN EXPECTED OUTPUT --
qwer-- END EXPECTED OUTPUT --
-- ACTUAL OUTPUT --
asdf-- ACTUAL OUTPUT --
-- DIFF EXPECTED ACTUAL --
--- [[diff header]]
+++ [[diff header]]
@@ -1 +1 @@
-qwer
\ No newline at end of file
+asdf
\ No newline at end of file
-- END DIFFERENCES --
   &lt;/failure&gt;
  &lt;/testcase&gt;
  &lt;testcase
   id="failures 2"
   name="unexpected pass"
  /&gt;
  &lt;testcase
   id="failures 3"
   name="no diff (regexp failure)"
  &gt;
   &lt;failure&gt;
cwd: --top-dir--/test_suite/qtest/test2
stracktrace:
 at failures.test line  --line-number--
-- BEGIN EXPECTED OUTPUT --
regexp: 1-- END EXPECTED OUTPUT --
-- ACTUAL OUTPUT --
asdf
-- ACTUAL OUTPUT --
   &lt;/failure&gt;
  &lt;/testcase&gt;
  &lt;testcase
   id="failures 4"
   name="status mismatch"
  &gt;
   &lt;failure&gt;
cwd: --top-dir--/test_suite/qtest/test2
command: true
stracktrace:
 at failures.test line  --line-number--
  Expected status: 1
  Actual   status: 0
   &lt;/failure&gt;
  &lt;/testcase&gt;
  &lt;testcase
   id="failures 5"
   name="multithreaded errors 1"
  /&gt;
  &lt;testcase
   id="failures 6"
   name="multithreaded errors 1: multithreaded data"
  &gt;
   &lt;failure&gt;
cwd: --top-dir--/test_suite/qtest/test2
stracktrace:
 at --top-dir--/module/TestDriver.pm line  --line-number--
-- BEGIN EXPECTED OUTPUT --
threads:
  A
  B
  C
sequence groups:
  b
  c
-- END EXPECTED OUTPUT --
-- ACTUAL OUTPUT --
threads:
  A
  B
  C
  D
sequence groups:
/tmp/testtemp.--pid--/actual:4: no input file for thread D; sequence checking abandoned
[[D]]:msgD1
-- ACTUAL OUTPUT --
-- DIFF EXPECTED ACTUAL --
--- [[diff header]]
+++ [[diff header]]
@@ -2,6 +2,7 @@
   A
   B
   C
+  D
 sequence groups:
-  b
-  c
+/tmp/testtemp.--pid--/actual:4: no input file for thread D; sequence checking abandoned
+[[D]]:msgD1
-- END DIFFERENCES --
   &lt;/failure&gt;
  &lt;/testcase&gt;
  &lt;testcase
   id="failures 7"
   name="multithreaded errors 1: thread A"
  &gt;
   &lt;failure&gt;
cwd: --top-dir--/test_suite/qtest/test2
expected output in /tmp/testtemp.--pid--/A.thread-filtered
stracktrace:
 at --top-dir--/module/TestDriver.pm line  --line-number--
-- BEGIN EXPECTED OUTPUT --
msgA1
msgA2
event1
msgA3
-- END EXPECTED OUTPUT --
-- ACTUAL OUTPUT --
msgA1
event1
msgA3
-- ACTUAL OUTPUT --
-- DIFF EXPECTED ACTUAL --
--- [[diff header]]
+++ [[diff header]]
@@ -1,4 +1,3 @@
 msgA1
-msgA2
 event1
 msgA3
-- END DIFFERENCES --
   &lt;/failure&gt;
  &lt;/testcase&gt;
  &lt;testcase
   id="failures 8"
   name="multithreaded errors 1: thread B"
  /&gt;
  &lt;testcase
   id="failures 9"
   name="multithreaded errors 1: thread C"
  /&gt;
  &lt;testcase
   id="failures 10"
   name="multithreaded errors 1: seqgroup b"
  &gt;
   &lt;failure&gt;
cwd: --top-dir--/test_suite/qtest/test2
expected output in /tmp/testtemp.--pid--/b.seq-expected
stracktrace:
 at --top-dir--/module/TestDriver.pm line  --line-number--
-- BEGIN EXPECTED OUTPUT --
[[A]]:event1
[[B]]:event2
-- END EXPECTED OUTPUT --
-- ACTUAL OUTPUT --
[no actual output]
-- ACTUAL OUTPUT --
-- DIFF EXPECTED ACTUAL --
--- [[diff header]]
+++ [[diff header]]
@@ -1,2 +1 @@
-[[A]]:event1
-[[B]]:event2
+[no actual output]
-- END DIFFERENCES --
   &lt;/failure&gt;
  &lt;/testcase&gt;
  &lt;testcase
   id="failures 11"
   name="multithreaded errors 1: seqgroup c"
  &gt;
   &lt;failure&gt;
cwd: --top-dir--/test_suite/qtest/test2
expected output in /tmp/testtemp.--pid--/c.seq-expected
stracktrace:
 at --top-dir--/module/TestDriver.pm line  --line-number--
-- BEGIN EXPECTED OUTPUT --
[[A]]:event1
[[C]]:event3
-- END EXPECTED OUTPUT --
-- ACTUAL OUTPUT --
[no actual output]
-- ACTUAL OUTPUT --
-- DIFF EXPECTED ACTUAL --
--- [[diff header]]
+++ [[diff header]]
@@ -1,2 +1 @@
-[[A]]:event1
-[[C]]:event3
+[no actual output]
-- END DIFFERENCES --
   &lt;/failure&gt;
  &lt;/testcase&gt;
  &lt;testcase
   id="failures 12"
   name="multithreaded errors 1: original output"
  &gt;
   &lt;failure&gt;
cwd: --top-dir--/test_suite/qtest/test2
expected output in /tmp/testtemp.--pid--/thread-expected
stracktrace:
 at --top-dir--/module/TestDriver.pm line  --line-number--
-- BEGIN EXPECTED OUTPUT --
[[A]]:msgA1
[[C]]:msgC1
[[C]]:msgC2
[[A]]:msgA2
[[B]]:msgB1
[[A]]:event1
[[B]]:msgB2
[[C]]:event3
[[B]]:event2
[[B]]:msgB3
msgB3 line two
[[C]]:msgC3
[[A]]:msgA3
-- END EXPECTED OUTPUT --
-- ACTUAL OUTPUT --
[[A]]:msgA1
[[C]]:msgC1
[[C]]:msgC2
[[D]]:msgD1
[[B]]:msgB1
[[A]]:event1
[[B]]:msgB2
[[C]]:event3
[[B]]:event2
[[B]]:msgB3
msgB3 line two
[[C]]:msgC3
[[A]]:msgA3
-- ACTUAL OUTPUT --
-- DIFF EXPECTED ACTUAL --
--- [[diff header]]
+++ [[diff header]]
@@ -1,7 +1,7 @@
 [[A]]:msgA1
 [[C]]:msgC1
 [[C]]:msgC2
-[[A]]:msgA2
+[[D]]:msgD1
 [[B]]:msgB1
 [[A]]:event1
 [[B]]:msgB2
-- END DIFFERENCES --
   &lt;/failure&gt;
  &lt;/testcase&gt;
  &lt;testcase
   id="failures 13"
   name="multithreaded errors 2"
  /&gt;
  &lt;testcase
   id="failures 14"
   name="multithreaded errors 2: multithreaded data"
  &gt;
   &lt;failure&gt;
cwd: --top-dir--/test_suite/qtest/test2
stracktrace:
 at --top-dir--/module/TestDriver.pm line  --line-number--
-- BEGIN EXPECTED OUTPUT --
threads:
  A
  B
  C
sequence groups:
  b
  c
-- END EXPECTED OUTPUT --
-- ACTUAL OUTPUT --
threads:
  A
  B
  C
sequence groups:
/tmp/testtemp.--pid--/actual:2: thread A mismatch; sequencing checking abandoned
actual msgA2x
expected msgA2
-- ACTUAL OUTPUT --
-- DIFF EXPECTED ACTUAL --
--- [[diff header]]
+++ [[diff header]]
@@ -3,5 +3,6 @@
   B
   C
 sequence groups:
-  b
-  c
+/tmp/testtemp.--pid--/actual:2: thread A mismatch; sequencing checking abandoned
+actual msgA2x
+expected msgA2
-- END DIFFERENCES --
   &lt;/failure&gt;
  &lt;/testcase&gt;
  &lt;testcase
   id="failures 15"
   name="multithreaded errors 2: thread A"
  &gt;
   &lt;failure&gt;
cwd: --top-dir--/test_suite/qtest/test2
expected output in /tmp/testtemp.--pid--/A.thread-filtered
stracktrace:
 at --top-dir--/module/TestDriver.pm line  --line-number--
-- BEGIN EXPECTED OUTPUT --
msgA1
msgA2
event1
msgA3
-- END EXPECTED OUTPUT --
-- ACTUAL OUTPUT --
msgA1
msgA2x
event1
msgA3
-- ACTUAL OUTPUT --
-- DIFF EXPECTED ACTUAL --
--- [[diff header]]
+++ [[diff header]]
@@ -1,4 +1,4 @@
 msgA1
-msgA2
+msgA2x
 event1
 msgA3
-- END DIFFERENCES --
   &lt;/failure&gt;
  &lt;/testcase&gt;
  &lt;testcase
   id="failures 16"
   name="multithreaded errors 2: thread B"
  /&gt;
  &lt;testcase
   id="failures 17"
   name="multithreaded errors 2: thread C"
  &gt;
   &lt;failure&gt;
cwd: --top-dir--/test_suite/qtest/test2
expected output in /tmp/testtemp.--pid--/C.thread-filtered
stracktrace:
 at --top-dir--/module/TestDriver.pm line  --line-number--
-- BEGIN EXPECTED OUTPUT --
msgC1
msgC2
event3
msgC3
-- END EXPECTED OUTPUT --
-- ACTUAL OUTPUT --
msgC1
msgC2
event3x
msgC3
-- ACTUAL OUTPUT --
-- DIFF EXPECTED ACTUAL --
--- [[diff header]]
+++ [[diff header]]
@@ -1,4 +1,4 @@
 msgC1
 msgC2
-event3
+event3x
 msgC3
-- END DIFFERENCES --
   &lt;/failure&gt;
  &lt;/testcase&gt;
  &lt;testcase
   id="failures 18"
   name="multithreaded errors 2: seqgroup b"
  &gt;
   &lt;failure&gt;
cwd: --top-dir--/test_suite/qtest/test2
expected output in /tmp/testtemp.--pid--/b.seq-expected
stracktrace:
 at --top-dir--/module/TestDriver.pm line  --line-number--
-- BEGIN EXPECTED OUTPUT --
[[A]]:event1
[[B]]:event2
-- END EXPECTED OUTPUT --
-- ACTUAL OUTPUT --
[no actual output]
-- ACTUAL OUTPUT --
-- DIFF EXPECTED ACTUAL --
--- [[diff header]]
+++ [[diff header]]
@@ -1,2 +1 @@
-[[A]]:event1
-[[B]]:event2
+[no actual output]
-- END DIFFERENCES --
   &lt;/failure&gt;
  &lt;/testcase&gt;
  &lt;testcase
   id="failures 19"
   name="multithreaded errors 2: seqgroup c"
  &gt;
   &lt;failure&gt;
cwd: --top-dir--/test_suite/qtest/test2
expected output in /tmp/testtemp.--pid--/c.seq-expected
stracktrace:
 at --top-dir--/module/TestDriver.pm line  --line-number--
-- BEGIN EXPECTED OUTPUT --
[[A]]:event1
[[C]]:event3
-- END EXPECTED OUTPUT --
-- ACTUAL OUTPUT --
[no actual output]
-- ACTUAL OUTPUT --
-- DIFF EXPECTED ACTUAL --
--- [[diff header]]
+++ [[diff header]]
@@ -1,2 +1 @@
-[[A]]:event1
-[[C]]:event3
+[no actual output]
-- END DIFFERENCES --
   &lt;/failure&gt;
  &lt;/testcase&gt;
  &lt;testcase
   id="failures 20"
   name="multithreaded errors 2: original output"
  &gt;
   &lt;failure&gt;
cwd: --top-dir--/test_suite/qtest/test2
expected output in /tmp/testtemp.--pid--/thread-expected
stracktrace:
 at --top-dir--/module/TestDriver.pm line  --line-number--
-- BEGIN EXPECTED OUTPUT --
[[A]]:msgA1
[[C]]:msgC1
[[C]]:msgC2
[[A]]:msgA2
[[B]]:msgB1
[[A]]:event1
[[B]]:msgB2
[[C]]:event3
[[B]]:event2
[[B]]:msgB3
msgB3 line two
[[C]]:msgC3
[[A]]:msgA3
-- END EXPECTED OUTPUT --
-- ACTUAL OUTPUT --
[[A]]:msgA1
[[C]]:msgC1
[[C]]:msgC2
[[A]]:msgA2x
[[B]]:msgB1
[[A]]:event1
[[B]]:msgB2
[[C]]:event3x
[[B]]:event2
[[B]]:msgB3
msgB3 line two
[[C]]:msgC3
[[A]]:msgA3
-- ACTUAL OUTPUT --
-- DIFF EXPECTED ACTUAL --
--- [[diff header]]
+++ [[diff header]]
@@ -1,11 +1,11 @@
 [[A]]:msgA1
 [[C]]:msgC1
 [[C]]:msgC2
-[[A]]:msgA2
+[[A]]:msgA2x
 [[B]]:msgB1
 [[A]]:event1
 [[B]]:msgB2
-[[C]]:event3
+[[C]]:event3x
 [[B]]:event2
 [[B]]:msgB3
 msgB3 line two
-- END DIFFERENCES --
   &lt;/failure&gt;
  &lt;/testcase&gt;
  &lt;testcase
   id="failures 21"
   name="utf8 failures"
  &gt;
   &lt;failure&gt;
cwd: --top-dir--/test_suite/qtest/test2
stracktrace:
 at failures.test line  --line-number--
-- BEGIN EXPECTED OUTPUT --
&amp;#xcf;&amp;#x80; = 3.14159...-- END EXPECTED OUTPUT --
-- ACTUAL OUTPUT --
pi = 22/7-- ACTUAL OUTPUT --
-- DIFF EXPECTED ACTUAL --
--- [[diff header]]
+++ [[diff header]]
@@ -1 +1 @@
-&amp;#xcf;&amp;#x80; = 3.14159...
\ No newline at end of file
+pi = 22/7
\ No newline at end of file
-- END DIFFERENCES --
   &lt;/failure&gt;
  &lt;/testcase&gt;
 &lt;/testsuite&gt;
&lt;/testsuites&gt;
-- ACTUAL OUTPUT --
-- DIFF EXPECTED ACTUAL --
diff: /tmp/testtemp.11453/expected: No such file or directory
-- END DIFFERENCES --
   </failure>
  </testcase>
  <testcase
   id="test framework 25"
   name="validate qtest-results.xml"
  >
   <failure>
cwd: /home/ejb/source/qtest/test_suite/qtest
command: xmllint --noout --dtdvalid ../../misc/qtest-results.dtd TEST-qtest-test2-2.xml
stracktrace:
 at framework.test line 172.
	main::check_xml("TEST-qtest-test2-2.xml", "test2-2-junit.xml") called at framework.test line 93
  Expected status: 0
  Actual   status: 3
-- BEGIN EXPECTED OUTPUT --
-- END EXPECTED OUTPUT --
-- ACTUAL OUTPUT --
TEST-qtest-test2-2.xml:2: element testsuites: validity error : No declaration for element testsuites
TEST-qtest-test2-2.xml:3: element testsuite: validity error : Element testsuite does not carry attribute file
TEST-qtest-test2-2.xml:3: element testsuite: validity error : No declaration for attribute name of element testsuite
TEST-qtest-test2-2.xml:7: element testcase: validity error : Element testcase content does not follow the DTD, expecting (cwd , command? , expected-output-file? , stacktrace , (expected-status , actual-status)? , (expected-output , actual-output , diff-output?)?)?, got (failure )
TEST-qtest-test2-2.xml:7: element testcase: validity error : Element testcase does not carry attribute testid
TEST-qtest-test2-2.xml:7: element testcase: validity error : Element testcase does not carry attribute outcome
TEST-qtest-test2-2.xml:7: element testcase: validity error : Element testcase does not carry attribute description
TEST-qtest-test2-2.xml:7: element testcase: validity error : No declaration for attribute id of element testcase
TEST-qtest-test2-2.xml:7: element testcase: validity error : No declaration for attribute name of element testcase
TEST-qtest-test2-2.xml:8: element failure: validity error : No declaration for element failure
TEST-qtest-test2-2.xml:30: element testcase: validity error : Element testcase does not carry attribute testid
TEST-qtest-test2-2.xml:30: element testcase: validity error : Element testcase does not carry attribute outcome
TEST-qtest-test2-2.xml:30: element testcase: validity error : Element testcase does not carry attribute description
TEST-qtest-test2-2.xml:30: element testcase: validity error : No declaration for attribute id of element testcase
TEST-qtest-test2-2.xml:30: element testcase: validity error : No declaration for attribute name of element testcase
TEST-qtest-test2-2.xml:34: element testcase: validity error : Element testcase content does not follow the DTD, expecting (cwd , command? , expected-output-file? , stacktrace , (expected-status , actual-status)? , (expected-output , actual-output , diff-output?)?)?, got (failure )
TEST-qtest-test2-2.xml:34: element testcase: validity error : Element testcase does not carry attribute testid
TEST-qtest-test2-2.xml:34: element testcase: validity error : Element testcase does not carry attribute outcome
TEST-qtest-test2-2.xml:34: element testcase: validity error : Element testcase does not carry attribute description
TEST-qtest-test2-2.xml:34: element testcase: validity error : No declaration for attribute id of element testcase
TEST-qtest-test2-2.xml:34: element testcase: validity error : No declaration for attribute name of element testcase
TEST-qtest-test2-2.xml:35: element failure: validity error : No declaration for element failure
TEST-qtest-test2-2.xml:49: element testcase: validity error : Element testcase content does not follow the DTD, expecting (cwd , command? , expected-output-file? , stacktrace , (expected-status , actual-status)? , (expected-output , actual-output , diff-output?)?)?, got (failure )
TEST-qtest-test2-2.xml:49: element testcase: validity error : Element testcase does not carry attribute testid
TEST-qtest-test2-2.xml:49: element testcase: validity error : Element testcase does not carry attribute outcome
TEST-qtest-test2-2.xml:49: element testcase: validity error : Element testcase does not carry attribute description
TEST-qtest-test2-2.xml:49: element testcase: validity error : No declaration for attribute id of element testcase
TEST-qtest-test2-2.xml:49: element testcase: validity error : No declaration for attribute name of element testcase
TEST-qtest-test2-2.xml:50: element failure: validity error : No declaration for element failure
TEST-qtest-test2-2.xml:62: element testcase: validity error : Element testcase does not carry attribute testid
TEST-qtest-test2-2.xml:62: element testcase: validity error : Element testcase does not carry attribute outcome
TEST-qtest-test2-2.xml:62: element testcase: validity error : Element testcase does not carry attribute description
TEST-qtest-test2-2.xml:62: element testcase: validity error : No declaration for attribute id of element testcase
TEST-qtest-test2-2.xml:62: element testcase: validity error : No declaration for attribute name of element testcase
TEST-qtest-test2-2.xml:66: element testcase: validity error : Element testcase content does not follow the DTD, expecting (cwd , command? , expected-output-file? , stacktrace , (expected-status , actual-status)? , (expected-output , actual-output , diff-output?)?)?, got (failure )
TEST-qtest-test2-2.xml:66: element testcase: validity error : Element testcase does not carry attribute testid
TEST-qtest-test2-2.xml:66: element testcase: validity error : Element testcase does not carry attribute outcome
TEST-qtest-test2-2.xml:66: element testcase: validity error : Element testcase does not carry attribute description
TEST-qtest-test2-2.xml:66: element testcase: validity error : No declaration for attribute id of element testcase
TEST-qtest-test2-2.xml:66: element testcase: validity error : No declaration for attribute name of element testcase
TEST-qtest-test2-2.xml:67: element failure: validity error : No declaration for element failure
TEST-qtest-test2-2.xml:111: element testcase: validity error : Element testcase content does not follow the DTD, expecting (cwd , command? , expected-output-file? , stacktrace , (expected-status , actual-status)? , (expected-output , actual-output , diff-output?)?)?, got (failure )
TEST-qtest-test2-2.xml:111: element testcase: validity error : Element testcase does not carry attribute testid
TEST-qtest-test2-2.xml:111: element testcase: validity error : Element testcase does not carry attribute outcome
TEST-qtest-test2-2.xml:111: element testcase: validity error : Element testcase does not carry attribute description
TEST-qtest-test2-2.xml:111: element testcase: validity error : No declaration for attribute id of element testcase
TEST-qtest-test2-2.xml:111: element testcase: validity error : No declaration for attribute name of element testcase
TEST-qtest-test2-2.xml:112: element failure: validity error : No declaration for element failure
TEST-qtest-test2-2.xml:144: element testcase: validity error : Element testcase does not carry attribute testid
TEST-qtest-test2-2.xml:144: element testcase: validity error : Element testcase does not carry attribute outcome
TEST-qtest-test2-2.xml:144: element testcase: validity error : Element testcase does not carry attribute description
TEST-qtest-test2-2.xml:144: element testcase: validity error : No declaration for attribute id of element testcase
TEST-qtest-test2-2.xml:144: element testcase: validity error : No declaration for attribute name of element testcase
TEST-qtest-test2-2.xml:148: element testcase: validity error : Element testcase does not carry attribute testid
TEST-qtest-test2-2.xml:148: element testcase: validity error : Element testcase does not carry attribute outcome
TEST-qtest-test2-2.xml:148: element testcase: validity error : Element testcase does not carry attribute description
TEST-qtest-test2-2.xml:148: element testcase: validity error : No declaration for attribute id of element testcase
TEST-qtest-test2-2.xml:148: element testcase: validity error : No declaration for attribute name of element testcase
TEST-qtest-test2-2.xml:152: element testcase: validity error : Element testcase content does not follow the DTD, expecting (cwd , command? , expected-output-file? , stacktrace , (expected-status , actual-status)? , (expected-output , actual-output , diff-output?)?)?, got (failure )
TEST-qtest-test2-2.xml:152: element testcase: validity error : Element testcase does not carry attribute testid
TEST-qtest-test2-2.xml:152: element testcase: validity error : Element testcase does not carry attribute outcome
TEST-qtest-test2-2.xml:152: element testcase: validity error : Element testcase does not carry attribute description
TEST-qtest-test2-2.xml:152: element testcase: validity error : No declaration for attribute id of element testcase
TEST-qtest-test2-2.xml:152: element testcase: validity error : No declaration for attribute name of element testcase
TEST-qtest-test2-2.xml:153: element failure: validity error : No declaration for element failure
TEST-qtest-test2-2.xml:180: element testcase: validity error : Element testcase content does not follow the DTD, expecting (cwd , command? , expected-output-file? , stacktrace , (expected-status , actual-status)? , (expected-output , actual-output , diff-output?)?)?, got (failure )
TEST-qtest-test2-2.xml:180: element testcase: validity error : Element testcase does not carry attribute testid
TEST-qtest-test2-2.xml:180: element testcase: validity error : Element testcase does not carry attribute outcome
TEST-qtest-test2-2.xml:180: element testcase: validity error : Element testcase does not carry attribute description
TEST-qtest-test2-2.xml:180: element testcase: validity error : No declaration for attribute id of element testcase
TEST-qtest-test2-2.xml:180: element testcase: validity error : No declaration for attribute name of element testcase
TEST-qtest-test2-2.xml:181: element failure: validity error : No declaration for element failure
TEST-qtest-test2-2.xml:208: element testcase: validity error : Element testcase content does not follow the DTD, expecting (cwd , command? , expected-output-file? , stacktrace , (expected-status , actual-status)? , (expected-output , actual-output , diff-output?)?)?, got (failure )
TEST-qtest-test2-2.xml:208: element testcase: validity error : Element testcase does not carry attribute testid
TEST-qtest-test2-2.xml:208: element testcase: validity error : Element testcase does not carry attribute outcome
TEST-qtest-test2-2.xml:208: element testcase: validity error : Element testcase does not carry attribute description
TEST-qtest-test2-2.xml:208: element testcase: validity error : No declaration for attribute id of element testcase
TEST-qtest-test2-2.xml:208: element testcase: validity error : No declaration for attribute name of element testcase
TEST-qtest-test2-2.xml:209: element failure: validity error : No declaration for element failure
TEST-qtest-test2-2.xml:263: element testcase: validity error : Element testcase does not carry attribute testid
TEST-qtest-test2-2.xml:263: element testcase: validity error : Element testcase does not carry attribute outcome
TEST-qtest-test2-2.xml:263: element testcase: validity error : Element testcase does not carry attribute description
TEST-qtest-test2-2.xml:263: element testcase: validity error : No declaration for attribute id of element testcase
TEST-qtest-test2-2.xml:263: element testcase: validity error : No declaration for attribute name of element testcase
TEST-qtest-test2-2.xml:267: element testcase: validity error : Element testcase content does not follow the DTD, expecting (cwd , command? , expected-output-file? , stacktrace , (expected-status , actual-status)? , (expected-output , actual-output , diff-output?)?)?, got (failure )
TEST-qtest-test2-2.xml:267: element testcase: validity error : Element testcase does not carry attribute testid
TEST-qtest-test2-2.xml:267: element testcase: validity error : Element testcase does not carry attribute outcome
TEST-qtest-test2-2.xml:267: element testcase: validity error : Element testcase does not carry attribute description
TEST-qtest-test2-2.xml:267: element testcase: validity error : No declaration for attribute id of element testcase
TEST-qtest-test2-2.xml:267: element testcase: validity error : No declaration for attribute name of element testcase
TEST-qtest-test2-2.xml:268: element failure: validity error : No declaration for element failure
TEST-qtest-test2-2.xml:311: element testcase: validity error : Element testcase content does not follow the DTD, expecting (cwd , command? , expected-output-file? , stacktrace , (expected-status , actual-status)? , (expected-output , actual-output , diff-output?)?)?, got (failure )
TEST-qtest-test2-2.xml:311: element testcase: validity error : Element testcase does not carry attribute testid
TEST-qtest-test2-2.xml:311: element testcase: validity error : Element testcase does not carry attribute outcome
TEST-qtest-test2-2.xml:311: element testcase: validity error : Element testcase does not carry attribute description
TEST-qtest-test2-2.xml:311: element testcase: validity error : No declaration for attribute id of element testcase
TEST-qtest-test2-2.xml:311: element testcase: validity error : No declaration for attribute name of element testcase
TEST-qtest-test2-2.xml:312: element failure: validity error : No declaration for element failure
TEST-qtest-test2-2.xml:346: element testcase: validity error : Element testcase does not carry attribute testid
TEST-qtest-test2-2.xml:346: element testcase: validity error : Element testcase does not carry attribute outcome
TEST-qtest-test2-2.xml:346: element testcase: validity error : Element testcase does not carry attribute description
TEST-qtest-test2-2.xml:346: element testcase: validity error : No declaration for attribute id of element testcase
TEST-qtest-test2-2.xml:346: element testcase: validity error : No declaration for attribute name of element testcase
TEST-qtest-test2-2.xml:350: element testcase: validity error : Element testcase content does not follow the DTD, expecting (cwd , command? , expected-output-file? , stacktrace , (expected-status , actual-status)? , (expected-output , actual-output , diff-output?)?)?, got (failure )
TEST-qtest-test2-2.xml:350: element testcase: validity error : Element testcase does not carry attribute testid
TEST-qtest-test2-2.xml:350: element testcase: validity error : Element testcase does not carry attribute outcome
TEST-qtest-test2-2.xml:350: element testcase: validity error : Element testcase does not carry attribute description
TEST-qtest-test2-2.xml:350: element testcase: validity error : No declaration for attribute id of element testcase
TEST-qtest-test2-2.xml:350: element testcase: validity error : No declaration for attribute name of element testcase
TEST-qtest-test2-2.xml:351: element failure: validity error : No declaration for element failure
TEST-qtest-test2-2.xml:385: element testcase: validity error : Element testcase content does not follow the DTD, expecting (cwd , command? , expected-output-file? , stacktrace , (expected-status , actual-status)? , (expected-output , actual-output , diff-output?)?)?, got (failure )
TEST-qtest-test2-2.xml:385: element testcase: validity error : Element testcase does not carry attribute testid
TEST-qtest-test2-2.xml:385: element testcase: validity error : Element testcase does not carry attribute outcome
TEST-qtest-test2-2.xml:385: element testcase: validity error : Element testcase does not carry attribute description
TEST-qtest-test2-2.xml:385: element testcase: validity error : No declaration for attribute id of element testcase
TEST-qtest-test2-2.xml:385: element testcase: validity error : No declaration for attribute name of element testcase
TEST-qtest-test2-2.xml:386: element failure: validity error : No declaration for element failure
TEST-qtest-test2-2.xml:413: element testcase: validity error : Element testcase content does not follow the DTD, expecting (cwd , command? , expected-output-file? , stacktrace , (expected-status , actual-status)? , (expected-output , actual-output , diff-output?)?)?, got (failure )
TEST-qtest-test2-2.xml:413: element testcase: validity error : Element testcase does not carry attribute testid
TEST-qtest-test2-2.xml:413: element testcase: validity error : Element testcase does not carry attribute outcome
TEST-qtest-test2-2.xml:413: element testcase: validity error : Element testcase does not carry attribute description
TEST-qtest-test2-2.xml:413: element testcase: validity error : No declaration for attribute id of element testcase
TEST-qtest-test2-2.xml:413: element testcase: validity error : No declaration for attribute name of element testcase
TEST-qtest-test2-2.xml:414: element failure: validity error : No declaration for element failure
TEST-qtest-test2-2.xml:441: element testcase: validity error : Element testcase content does not follow the DTD, expecting (cwd , command? , expected-output-file? , stacktrace , (expected-status , actual-status)? , (expected-output , actual-output , diff-output?)?)?, got (failure )
TEST-qtest-test2-2.xml:441: element testcase: validity error : Element testcase does not carry attribute testid
TEST-qtest-test2-2.xml:441: element testcase: validity error : Element testcase does not carry attribute outcome
TEST-qtest-test2-2.xml:441: element testcase: validity error : Element testcase does not carry attribute description
TEST-qtest-test2-2.xml:441: element testcase: validity error : No declaration for attribute id of element testcase
TEST-qtest-test2-2.xml:441: element testcase: validity error : No declaration for attribute name of element testcase
TEST-qtest-test2-2.xml:442: element failure: validity error : No declaration for element failure
TEST-qtest-test2-2.xml:501: element testcase: validity error : Element testcase content does not follow the DTD, expecting (cwd , command? , expected-output-file? , stacktrace , (expected-status , actual-status)? , (expected-output , actual-output , diff-output?)?)?, got (failure )
TEST-qtest-test2-2.xml:501: element testcase: validity error : Element testcase does not carry attribute testid
TEST-qtest-test2-2.xml:501: element testcase: validity error : Element testcase does not carry attribute outcome
TEST-qtest-test2-2.xml:501: element testcase: validity error : Element testcase does not carry attribute description
TEST-qtest-test2-2.xml:501: element testcase: validity error : No declaration for attribute id of element testcase
TEST-qtest-test2-2.xml:501: element testcase: validity error : No declaration for attribute name of element testcase
TEST-qtest-test2-2.xml:502: element failure: validity error : No declaration for element failure
Document TEST-qtest-test2-2.xml does not validate against ../../misc/qtest-results.dtd
-- ACTUAL OUTPUT --
-- DIFF EXPECTED ACTUAL --
--- /tmp/testtemp.11453/expected	2018-10-13 13:55:02.870768589 -0400
+++ /tmp/testtemp.11453/actual	2018-10-13 13:55:02.870768589 -0400
@@ -0,0 +1,139 @@
+TEST-qtest-test2-2.xml:2: element testsuites: validity error : No declaration for element testsuites
+TEST-qtest-test2-2.xml:3: element testsuite: validity error : Element testsuite does not carry attribute file
+TEST-qtest-test2-2.xml:3: element testsuite: validity error : No declaration for attribute name of element testsuite
+TEST-qtest-test2-2.xml:7: element testcase: validity error : Element testcase content does not follow the DTD, expecting (cwd , command? , expected-output-file? , stacktrace , (expected-status , actual-status)? , (expected-output , actual-output , diff-output?)?)?, got (failure )
+TEST-qtest-test2-2.xml:7: element testcase: validity error : Element testcase does not carry attribute testid
+TEST-qtest-test2-2.xml:7: element testcase: validity error : Element testcase does not carry attribute outcome
+TEST-qtest-test2-2.xml:7: element testcase: validity error : Element testcase does not carry attribute description
+TEST-qtest-test2-2.xml:7: element testcase: validity error : No declaration for attribute id of element testcase
+TEST-qtest-test2-2.xml:7: element testcase: validity error : No declaration for attribute name of element testcase
+TEST-qtest-test2-2.xml:8: element failure: validity error : No declaration for element failure
+TEST-qtest-test2-2.xml:30: element testcase: validity error : Element testcase does not carry attribute testid
+TEST-qtest-test2-2.xml:30: element testcase: validity error : Element testcase does not carry attribute outcome
+TEST-qtest-test2-2.xml:30: element testcase: validity error : Element testcase does not carry attribute description
+TEST-qtest-test2-2.xml:30: element testcase: validity error : No declaration for attribute id of element testcase
+TEST-qtest-test2-2.xml:30: element testcase: validity error : No declaration for attribute name of element testcase
+TEST-qtest-test2-2.xml:34: element testcase: validity error : Element testcase content does not follow the DTD, expecting (cwd , command? , expected-output-file? , stacktrace , (expected-status , actual-status)? , (expected-output , actual-output , diff-output?)?)?, got (failure )
+TEST-qtest-test2-2.xml:34: element testcase: validity error : Element testcase does not carry attribute testid
+TEST-qtest-test2-2.xml:34: element testcase: validity error : Element testcase does not carry attribute outcome
+TEST-qtest-test2-2.xml:34: element testcase: validity error : Element testcase does not carry attribute description
+TEST-qtest-test2-2.xml:34: element testcase: validity error : No declaration for attribute id of element testcase
+TEST-qtest-test2-2.xml:34: element testcase: validity error : No declaration for attribute name of element testcase
+TEST-qtest-test2-2.xml:35: element failure: validity error : No declaration for element failure
+TEST-qtest-test2-2.xml:49: element testcase: validity error : Element testcase content does not follow the DTD, expecting (cwd , command? , expected-output-file? , stacktrace , (expected-status , actual-status)? , (expected-output , actual-output , diff-output?)?)?, got (failure )
+TEST-qtest-test2-2.xml:49: element testcase: validity error : Element testcase does not carry attribute testid
+TEST-qtest-test2-2.xml:49: element testcase: validity error : Element testcase does not carry attribute outcome
+TEST-qtest-test2-2.xml:49: element testcase: validity error : Element testcase does not carry attribute description
+TEST-qtest-test2-2.xml:49: element testcase: validity error : No declaration for attribute id of element testcase
+TEST-qtest-test2-2.xml:49: element testcase: validity error : No declaration for attribute name of element testcase
+TEST-qtest-test2-2.xml:50: element failure: validity error : No declaration for element failure
+TEST-qtest-test2-2.xml:62: element testcase: validity error : Element testcase does not carry attribute testid
+TEST-qtest-test2-2.xml:62: element testcase: validity error : Element testcase does not carry attribute outcome
+TEST-qtest-test2-2.xml:62: element testcase: validity error : Element testcase does not carry attribute description
+TEST-qtest-test2-2.xml:62: element testcase: validity error : No declaration for attribute id of element testcase
+TEST-qtest-test2-2.xml:62: element testcase: validity error : No declaration for attribute name of element testcase
+TEST-qtest-test2-2.xml:66: element testcase: validity error : Element testcase content does not follow the DTD, expecting (cwd , command? , expected-output-file? , stacktrace , (expected-status , actual-status)? , (expected-output , actual-output , diff-output?)?)?, got (failure )
+TEST-qtest-test2-2.xml:66: element testcase: validity error : Element testcase does not carry attribute testid
+TEST-qtest-test2-2.xml:66: element testcase: validity error : Element testcase does not carry attribute outcome
+TEST-qtest-test2-2.xml:66: element testcase: validity error : Element testcase does not carry attribute description
+TEST-qtest-test2-2.xml:66: element testcase: validity error : No declaration for attribute id of element testcase
+TEST-qtest-test2-2.xml:66: element testcase: validity error : No declaration for attribute name of element testcase
+TEST-qtest-test2-2.xml:67: element failure: validity error : No declaration for element failure
+TEST-qtest-test2-2.xml:111: element testcase: validity error : Element testcase content does not follow the DTD, expecting (cwd , command? , expected-output-file? , stacktrace , (expected-status , actual-status)? , (expected-output , actual-output , diff-output?)?)?, got (failure )
+TEST-qtest-test2-2.xml:111: element testcase: validity error : Element testcase does not carry attribute testid
+TEST-qtest-test2-2.xml:111: element testcase: validity error : Element testcase does not carry attribute outcome
+TEST-qtest-test2-2.xml:111: element testcase: validity error : Element testcase does not carry attribute description
+TEST-qtest-test2-2.xml:111: element testcase: validity error : No declaration for attribute id of element testcase
+TEST-qtest-test2-2.xml:111: element testcase: validity error : No declaration for attribute name of element testcase
+TEST-qtest-test2-2.xml:112: element failure: validity error : No declaration for element failure
+TEST-qtest-test2-2.xml:144: element testcase: validity error : Element testcase does not carry attribute testid
+TEST-qtest-test2-2.xml:144: element testcase: validity error : Element testcase does not carry attribute outcome
+TEST-qtest-test2-2.xml:144: element testcase: validity error : Element testcase does not carry attribute description
+TEST-qtest-test2-2.xml:144: element testcase: validity error : No declaration for attribute id of element testcase
+TEST-qtest-test2-2.xml:144: element testcase: validity error : No declaration for attribute name of element testcase
+TEST-qtest-test2-2.xml:148: element testcase: validity error : Element testcase does not carry attribute testid
+TEST-qtest-test2-2.xml:148: element testcase: validity error : Element testcase does not carry attribute outcome
+TEST-qtest-test2-2.xml:148: element testcase: validity error : Element testcase does not carry attribute description
+TEST-qtest-test2-2.xml:148: element testcase: validity error : No declaration for attribute id of element testcase
+TEST-qtest-test2-2.xml:148: element testcase: validity error : No declaration for attribute name of element testcase
+TEST-qtest-test2-2.xml:152: element testcase: validity error : Element testcase content does not follow the DTD, expecting (cwd , command? , expected-output-file? , stacktrace , (expected-status , actual-status)? , (expected-output , actual-output , diff-output?)?)?, got (failure )
+TEST-qtest-test2-2.xml:152: element testcase: validity error : Element testcase does not carry attribute testid
+TEST-qtest-test2-2.xml:152: element testcase: validity error : Element testcase does not carry attribute outcome
+TEST-qtest-test2-2.xml:152: element testcase: validity error : Element testcase does not carry attribute description
+TEST-qtest-test2-2.xml:152: element testcase: validity error : No declaration for attribute id of element testcase
+TEST-qtest-test2-2.xml:152: element testcase: validity error : No declaration for attribute name of element testcase
+TEST-qtest-test2-2.xml:153: element failure: validity error : No declaration for element failure
+TEST-qtest-test2-2.xml:180: element testcase: validity error : Element testcase content does not follow the DTD, expecting (cwd , command? , expected-output-file? , stacktrace , (expected-status , actual-status)? , (expected-output , actual-output , diff-output?)?)?, got (failure )
+TEST-qtest-test2-2.xml:180: element testcase: validity error : Element testcase does not carry attribute testid
+TEST-qtest-test2-2.xml:180: element testcase: validity error : Element testcase does not carry attribute outcome
+TEST-qtest-test2-2.xml:180: element testcase: validity error : Element testcase does not carry attribute description
+TEST-qtest-test2-2.xml:180: element testcase: validity error : No declaration for attribute id of element testcase
+TEST-qtest-test2-2.xml:180: element testcase: validity error : No declaration for attribute name of element testcase
+TEST-qtest-test2-2.xml:181: element failure: validity error : No declaration for element failure
+TEST-qtest-test2-2.xml:208: element testcase: validity error : Element testcase content does not follow the DTD, expecting (cwd , command? , expected-output-file? , stacktrace , (expected-status , actual-status)? , (expected-output , actual-output , diff-output?)?)?, got (failure )
+TEST-qtest-test2-2.xml:208: element testcase: validity error : Element testcase does not carry attribute testid
+TEST-qtest-test2-2.xml:208: element testcase: validity error : Element testcase does not carry attribute outcome
+TEST-qtest-test2-2.xml:208: element testcase: validity error : Element testcase does not carry attribute description
+TEST-qtest-test2-2.xml:208: element testcase: validity error : No declaration for attribute id of element testcase
+TEST-qtest-test2-2.xml:208: element testcase: validity error : No declaration for attribute name of element testcase
+TEST-qtest-test2-2.xml:209: element failure: validity error : No declaration for element failure
+TEST-qtest-test2-2.xml:263: element testcase: validity error : Element testcase does not carry attribute testid
+TEST-qtest-test2-2.xml:263: element testcase: validity error : Element testcase does not carry attribute outcome
+TEST-qtest-test2-2.xml:263: element testcase: validity error : Element testcase does not carry attribute description
+TEST-qtest-test2-2.xml:263: element testcase: validity error : No declaration for attribute id of element testcase
+TEST-qtest-test2-2.xml:263: element testcase: validity error : No declaration for attribute name of element testcase
+TEST-qtest-test2-2.xml:267: element testcase: validity error : Element testcase content does not follow the DTD, expecting (cwd , command? , expected-output-file? , stacktrace , (expected-status , actual-status)? , (expected-output , actual-output , diff-output?)?)?, got (failure )
+TEST-qtest-test2-2.xml:267: element testcase: validity error : Element testcase does not carry attribute testid
+TEST-qtest-test2-2.xml:267: element testcase: validity error : Element testcase does not carry attribute outcome
+TEST-qtest-test2-2.xml:267: element testcase: validity error : Element testcase does not carry attribute description
+TEST-qtest-test2-2.xml:267: element testcase: validity error : No declaration for attribute id of element testcase
+TEST-qtest-test2-2.xml:267: element testcase: validity error : No declaration for attribute name of element testcase
+TEST-qtest-test2-2.xml:268: element failure: validity error : No declaration for element failure
+TEST-qtest-test2-2.xml:311: element testcase: validity error : Element testcase content does not follow the DTD, expecting (cwd , command? , expected-output-file? , stacktrace , (expected-status , actual-status)? , (expected-output , actual-output , diff-output?)?)?, got (failure )
+TEST-qtest-test2-2.xml:311: element testcase: validity error : Element testcase does not carry attribute testid
+TEST-qtest-test2-2.xml:311: element testcase: validity error : Element testcase does not carry attribute outcome
+TEST-qtest-test2-2.xml:311: element testcase: validity error : Element testcase does not carry attribute description
+TEST-qtest-test2-2.xml:311: element testcase: validity error : No declaration for attribute id of element testcase
+TEST-qtest-test2-2.xml:311: element testcase: validity error : No declaration for attribute name of element testcase
+TEST-qtest-test2-2.xml:312: element failure: validity error : No declaration for element failure
+TEST-qtest-test2-2.xml:346: element testcase: validity error : Element testcase does not carry attribute testid
+TEST-qtest-test2-2.xml:346: element testcase: validity error : Element testcase does not carry attribute outcome
+TEST-qtest-test2-2.xml:346: element testcase: validity error : Element testcase does not carry attribute description
+TEST-qtest-test2-2.xml:346: element testcase: validity error : No declaration for attribute id of element testcase
+TEST-qtest-test2-2.xml:346: element testcase: validity error : No declaration for attribute name of element testcase
+TEST-qtest-test2-2.xml:350: element testcase: validity error : Element testcase content does not follow the DTD, expecting (cwd , command? , expected-output-file? , stacktrace , (expected-status , actual-status)? , (expected-output , actual-output , diff-output?)?)?, got (failure )
+TEST-qtest-test2-2.xml:350: element testcase: validity error : Element testcase does not carry attribute testid
+TEST-qtest-test2-2.xml:350: element testcase: validity error : Element testcase does not carry attribute outcome
+TEST-qtest-test2-2.xml:350: element testcase: validity error : Element testcase does not carry attribute description
+TEST-qtest-test2-2.xml:350: element testcase: validity error : No declaration for attribute id of element testcase
+TEST-qtest-test2-2.xml:350: element testcase: validity error : No declaration for attribute name of element testcase
+TEST-qtest-test2-2.xml:351: element failure: validity error : No declaration for element failure
+TEST-qtest-test2-2.xml:385: element testcase: validity error : Element testcase content does not follow the DTD, expecting (cwd , command? , expected-output-file? , stacktrace , (expected-status , actual-status)? , (expected-output , actual-output , diff-output?)?)?, got (failure )
+TEST-qtest-test2-2.xml:385: element testcase: validity error : Element testcase does not carry attribute testid
+TEST-qtest-test2-2.xml:385: element testcase: validity error : Element testcase does not carry attribute outcome
+TEST-qtest-test2-2.xml:385: element testcase: validity error : Element testcase does not carry attribute description
+TEST-qtest-test2-2.xml:385: element testcase: validity error : No declaration for attribute id of element testcase
+TEST-qtest-test2-2.xml:385: element testcase: validity error : No declaration for attribute name of element testcase
+TEST-qtest-test2-2.xml:386: element failure: validity error : No declaration for element failure
+TEST-qtest-test2-2.xml:413: element testcase: validity error : Element testcase content does not follow the DTD, expecting (cwd , command? , expected-output-file? , stacktrace , (expected-status , actual-status)? , (expected-output , actual-output , diff-output?)?)?, got (failure )
+TEST-qtest-test2-2.xml:413: element testcase: validity error : Element testcase does not carry attribute testid
+TEST-qtest-test2-2.xml:413: element testcase: validity error : Element testcase does not carry attribute outcome
+TEST-qtest-test2-2.xml:413: element testcase: validity error : Element testcase does not carry attribute description
+TEST-qtest-test2-2.xml:413: element testcase: validity error : No declaration for attribute id of element testcase
+TEST-qtest-test2-2.xml:413: element testcase: validity error : No declaration for attribute name of element testcase
+TEST-qtest-test2-2.xml:414: element failure: validity error : No declaration for element failure
+TEST-qtest-test2-2.xml:441: element testcase: validity error : Element testcase content does not follow the DTD, expecting (cwd , command? , expected-output-file? , stacktrace , (expected-status , actual-status)? , (expected-output , actual-output , diff-output?)?)?, got (failure )
+TEST-qtest-test2-2.xml:441: element testcase: validity error : Element testcase does not carry attribute testid
+TEST-qtest-test2-2.xml:441: element testcase: validity error : Element testcase does not carry attribute outcome
+TEST-qtest-test2-2.xml:441: element testcase: validity error : Element testcase does not carry attribute description
+TEST-qtest-test2-2.xml:441: element testcase: validity error : No declaration for attribute id of element testcase
+TEST-qtest-test2-2.xml:441: element testcase: validity error : No declaration for attribute name of element testcase
+TEST-qtest-test2-2.xml:442: element failure: validity error : No declaration for element failure
+TEST-qtest-test2-2.xml:501: element testcase: validity error : Element testcase content does not follow the DTD, expecting (cwd , command? , expected-output-file? , stacktrace , (expected-status , actual-status)? , (expected-output , actual-output , diff-output?)?)?, got (failure )
+TEST-qtest-test2-2.xml:501: element testcase: validity error : Element testcase does not carry attribute testid
+TEST-qtest-test2-2.xml:501: element testcase: validity error : Element testcase does not carry attribute outcome
+TEST-qtest-test2-2.xml:501: element testcase: validity error : Element testcase does not carry attribute description
+TEST-qtest-test2-2.xml:501: element testcase: validity error : No declaration for attribute id of element testcase
+TEST-qtest-test2-2.xml:501: element testcase: validity error : No declaration for attribute name of element testcase
+TEST-qtest-test2-2.xml:502: element failure: validity error : No declaration for element failure
+Document TEST-qtest-test2-2.xml does not validate against ../../misc/qtest-results.dtd
-- END DIFFERENCES --
   </failure>
  </testcase>
  <testcase
   id="test framework 26"
   name="pre-test coverage checks"
  />
  <testcase
   id="test framework 27"
   name="check qtest.log"
  />
  <testcase
   id="test framework 28"
   name="no qtest-results.xml"
  />
  <testcase
   id="test framework 29"
   name="post-test coverage checks"
  />
  <testcase
   id="test framework 30"
   name="check qtest.log"
  />
  <testcase
   id="test framework 31"
   name="check qtest-results.xml"
  />
  <testcase
   id="test framework 32"
   name="validate qtest-results.xml"
  />
  <testcase
   id="test framework 33"
   name="check qtest-results.xml"
  >
   <failure>
cwd: /home/ejb/source/qtest/test_suite/qtest
expected output in coverage2-junit.xml
stracktrace:
 at framework.test line 166.
	main::check_xml("coverage2/subdir/TEST-qtest.xml", "coverage2-junit.xml") called at framework.test line 135
-- BEGIN EXPECTED OUTPUT --
[unable to open /tmp/testtemp.11453/expected: No such file or directory]-- END EXPECTED OUTPUT --
-- ACTUAL OUTPUT --
&lt;?xml version="1.0"?&gt;
&lt;testsuites&gt;
 &lt;testsuite name="../qtest/prog1.test"&gt;
  &lt;testcase
   id="coverage2 1"
   name="coverage2"
  /&gt;
  &lt;testcase
   id="coverage2 2"
   name="make"
  /&gt;
 &lt;/testsuite&gt;
 &lt;testsuite name="coverage"&gt;
  &lt;testcase name="missing: two 1"&gt;
   &lt;failure message="missing: two 1"/&gt;
  &lt;/testcase&gt;
  &lt;testcase name="extra: three 1"&gt;
   &lt;failure message="extra: three 1"/&gt;
  &lt;/testcase&gt;
 &lt;/testsuite&gt;
&lt;/testsuites&gt;
-- ACTUAL OUTPUT --
-- DIFF EXPECTED ACTUAL --
diff: /tmp/testtemp.11453/expected: No such file or directory
-- END DIFFERENCES --
   </failure>
  </testcase>
  <testcase
   id="test framework 34"
   name="validate qtest-results.xml"
  >
   <failure>
cwd: /home/ejb/source/qtest/test_suite/qtest
command: xmllint --noout --dtdvalid ../../misc/qtest-results.dtd coverage2/subdir/TEST-qtest.xml
stracktrace:
 at framework.test line 172.
	main::check_xml("coverage2/subdir/TEST-qtest.xml", "coverage2-junit.xml") called at framework.test line 135
  Expected status: 0
  Actual   status: 3
-- BEGIN EXPECTED OUTPUT --
-- END EXPECTED OUTPUT --
-- ACTUAL OUTPUT --
coverage2/subdir/TEST-qtest.xml:2: element testsuites: validity error : No declaration for element testsuites
coverage2/subdir/TEST-qtest.xml:3: element testsuite: validity error : Element testsuite does not carry attribute file
coverage2/subdir/TEST-qtest.xml:3: element testsuite: validity error : No declaration for attribute name of element testsuite
coverage2/subdir/TEST-qtest.xml:7: element testcase: validity error : Element testcase does not carry attribute testid
coverage2/subdir/TEST-qtest.xml:7: element testcase: validity error : Element testcase does not carry attribute outcome
coverage2/subdir/TEST-qtest.xml:7: element testcase: validity error : Element testcase does not carry attribute description
coverage2/subdir/TEST-qtest.xml:7: element testcase: validity error : No declaration for attribute id of element testcase
coverage2/subdir/TEST-qtest.xml:7: element testcase: validity error : No declaration for attribute name of element testcase
coverage2/subdir/TEST-qtest.xml:11: element testcase: validity error : Element testcase does not carry attribute testid
coverage2/subdir/TEST-qtest.xml:11: element testcase: validity error : Element testcase does not carry attribute outcome
coverage2/subdir/TEST-qtest.xml:11: element testcase: validity error : Element testcase does not carry attribute description
coverage2/subdir/TEST-qtest.xml:11: element testcase: validity error : No declaration for attribute id of element testcase
coverage2/subdir/TEST-qtest.xml:11: element testcase: validity error : No declaration for attribute name of element testcase
coverage2/subdir/TEST-qtest.xml:13: element testsuite: validity error : Element testsuite does not carry attribute file
coverage2/subdir/TEST-qtest.xml:13: element testsuite: validity error : No declaration for attribute name of element testsuite
coverage2/subdir/TEST-qtest.xml:14: element testcase: validity error : Element testcase content does not follow the DTD, expecting (cwd , command? , expected-output-file? , stacktrace , (expected-status , actual-status)? , (expected-output , actual-output , diff-output?)?)?, got (failure )
coverage2/subdir/TEST-qtest.xml:14: element testcase: validity error : Element testcase does not carry attribute testid
coverage2/subdir/TEST-qtest.xml:14: element testcase: validity error : Element testcase does not carry attribute outcome
coverage2/subdir/TEST-qtest.xml:14: element testcase: validity error : Element testcase does not carry attribute description
coverage2/subdir/TEST-qtest.xml:14: element testcase: validity error : No declaration for attribute name of element testcase
coverage2/subdir/TEST-qtest.xml:15: element failure: validity error : No declaration for element failure
coverage2/subdir/TEST-qtest.xml:15: element failure: validity error : No declaration for attribute message of element failure
coverage2/subdir/TEST-qtest.xml:17: element testcase: validity error : Element testcase content does not follow the DTD, expecting (cwd , command? , expected-output-file? , stacktrace , (expected-status , actual-status)? , (expected-output , actual-output , diff-output?)?)?, got (failure )
coverage2/subdir/TEST-qtest.xml:17: element testcase: validity error : Element testcase does not carry attribute testid
coverage2/subdir/TEST-qtest.xml:17: element testcase: validity error : Element testcase does not carry attribute outcome
coverage2/subdir/TEST-qtest.xml:17: element testcase: validity error : Element testcase does not carry attribute description
coverage2/subdir/TEST-qtest.xml:17: element testcase: validity error : No declaration for attribute name of element testcase
coverage2/subdir/TEST-qtest.xml:18: element failure: validity error : No declaration for element failure
coverage2/subdir/TEST-qtest.xml:18: element failure: validity error : No declaration for attribute message of element failure
Document coverage2/subdir/TEST-qtest.xml does not validate against ../../misc/qtest-results.dtd
-- ACTUAL OUTPUT --
-- DIFF EXPECTED ACTUAL --
--- /tmp/testtemp.11453/expected	2018-10-13 13:55:03.274771120 -0400
+++ /tmp/testtemp.11453/actual	2018-10-13 13:55:03.274771120 -0400
@@ -0,0 +1,30 @@
+coverage2/subdir/TEST-qtest.xml:2: element testsuites: validity error : No declaration for element testsuites
+coverage2/subdir/TEST-qtest.xml:3: element testsuite: validity error : Element testsuite does not carry attribute file
+coverage2/subdir/TEST-qtest.xml:3: element testsuite: validity error : No declaration for attribute name of element testsuite
+coverage2/subdir/TEST-qtest.xml:7: element testcase: validity error : Element testcase does not carry attribute testid
+coverage2/subdir/TEST-qtest.xml:7: element testcase: validity error : Element testcase does not carry attribute outcome
+coverage2/subdir/TEST-qtest.xml:7: element testcase: validity error : Element testcase does not carry attribute description
+coverage2/subdir/TEST-qtest.xml:7: element testcase: validity error : No declaration for attribute id of element testcase
+coverage2/subdir/TEST-qtest.xml:7: element testcase: validity error : No declaration for attribute name of element testcase
+coverage2/subdir/TEST-qtest.xml:11: element testcase: validity error : Element testcase does not carry attribute testid
+coverage2/subdir/TEST-qtest.xml:11: element testcase: validity error : Element testcase does not carry attribute outcome
+coverage2/subdir/TEST-qtest.xml:11: element testcase: validity error : Element testcase does not carry attribute description
+coverage2/subdir/TEST-qtest.xml:11: element testcase: validity error : No declaration for attribute id of element testcase
+coverage2/subdir/TEST-qtest.xml:11: element testcase: validity error : No declaration for attribute name of element testcase
+coverage2/subdir/TEST-qtest.xml:13: element testsuite: validity error : Element testsuite does not carry attribute file
+coverage2/subdir/TEST-qtest.xml:13: element testsuite: validity error : No declaration for attribute name of element testsuite
+coverage2/subdir/TEST-qtest.xml:14: element testcase: validity error : Element testcase content does not follow the DTD, expecting (cwd , command? , expected-output-file? , stacktrace , (expected-status , actual-status)? , (expected-output , actual-output , diff-output?)?)?, got (failure )
+coverage2/subdir/TEST-qtest.xml:14: element testcase: validity error : Element testcase does not carry attribute testid
+coverage2/subdir/TEST-qtest.xml:14: element testcase: validity error : Element testcase does not carry attribute outcome
+coverage2/subdir/TEST-qtest.xml:14: element testcase: validity error : Element testcase does not carry attribute description
+coverage2/subdir/TEST-qtest.xml:14: element testcase: validity error : No declaration for attribute name of element testcase
+coverage2/subdir/TEST-qtest.xml:15: element failure: validity error : No declaration for element failure
+coverage2/subdir/TEST-qtest.xml:15: element failure: validity error : No declaration for attribute message of element failure
+coverage2/subdir/TEST-qtest.xml:17: element testcase: validity error : Element testcase content does not follow the DTD, expecting (cwd , command? , expected-output-file? , stacktrace , (expected-status , actual-status)? , (expected-output , actual-output , diff-output?)?)?, got (failure )
+coverage2/subdir/TEST-qtest.xml:17: element testcase: validity error : Element testcase does not carry attribute testid
+coverage2/subdir/TEST-qtest.xml:17: element testcase: validity error : Element testcase does not carry attribute outcome
+coverage2/subdir/TEST-qtest.xml:17: element testcase: validity error : Element testcase does not carry attribute description
+coverage2/subdir/TEST-qtest.xml:17: element testcase: validity error : No declaration for attribute name of element testcase
+coverage2/subdir/TEST-qtest.xml:18: element failure: validity error : No declaration for element failure
+coverage2/subdir/TEST-qtest.xml:18: element failure: validity error : No declaration for attribute message of element failure
+Document coverage2/subdir/TEST-qtest.xml does not validate against ../../misc/qtest-results.dtd
-- END DIFFERENCES --
   </failure>
  </testcase>
  <testcase
   id="test framework 35"
   name="multithreaded 1"
  />
  <testcase
   id="test framework 36"
   name="multithreaded 1: multithreaded data"
  />
  <testcase
   id="test framework 37"
   name="multithreaded 1: thread A"
  />
  <testcase
   id="test framework 38"
   name="multithreaded 1: thread B"
  />
  <testcase
   id="test framework 39"
   name="multithreaded 1: thread C 1"
  />
  <testcase
   id="test framework 40"
   name="multithreaded 1: seqgroup b g"
  />
  <testcase
   id="test framework 41"
   name="multithreaded 1: seqgroup c"
  />
  <testcase
   id="test framework 42"
   name="multithreaded 1: all subcases passed"
  />
  <testcase
   id="test framework 43"
   name="multithreaded 2"
  />
  <testcase
   id="test framework 44"
   name="multithreaded 2: multithreaded data"
  />
  <testcase
   id="test framework 45"
   name="multithreaded 2: thread A"
  />
  <testcase
   id="test framework 46"
   name="multithreaded 2: thread B"
  />
  <testcase
   id="test framework 47"
   name="multithreaded 2: thread C 1"
  />
  <testcase
   id="test framework 48"
   name="multithreaded 2: seqgroup b g"
  />
  <testcase
   id="test framework 49"
   name="multithreaded 2: seqgroup c"
  />
  <testcase
   id="test framework 50"
   name="multithreaded 2: all subcases passed"
  />
 </testsuite>
</testsuites>
